
--- createBatchesFromReceipt start: 2025-11-21T05:01:51+01:00 receipt=IR0012
Receipt details count: 1
No batches found for product 691df11bc6f7cbe4b60b733a in receipt or export

--- createBatchesFromReceipt start: 2025-11-21T09:45:55+01:00 receipt=IR0013
Receipt details count: 1
No batches found for product 691df11bc6f7cbe4b60b733a in receipt or export

--- createBatchesFromReceipt start: 2025-11-24T10:18:47+01:00 receipt=IR0014
Receipt details count: 1
No batches found for product 6920d8e439e3eda99908f192 in receipt or export

--- createBatchesFromReceipt start: 2025-11-24T11:23:05+01:00 receipt=IR0015
Receipt details count: 1
No batches found for product 6920d8e439e3eda99908f192 in receipt or export

--- createBatchesFromReceipt start: 2025-11-24T12:29:08+01:00 receipt=IR0016
Loaded batch info from export for 1 products
Receipt details count: 1
Using batches from receipt details for product 6920d8e439e3eda99908f192: 1 batches

--- createBatchesFromReceipt start: 2025-11-30T10:44:19+01:00 receipt=IR0017
Receipt details count: 1
No batches found for product 68dd78e5dfe97d5c520ac055 in receipt or export

--- createBatchesFromReceipt start: 2025-12-02T13:43:11+01:00 receipt=IR0011
Receipt details count: 0

--- createBatchesFromReceipt start: 2025-12-02T17:56:23+01:00 receipt=IR0019
Receipt details count: 1
No batches found for product 68f115d0836555952e05dce5 in receipt or export

--- createBatchesFromReceipt start: 2025-12-09T10:03:19+01:00 receipt=IR0002
Receipt details count: 1
Updated receipt details with persisted product ids for receipt IR0002
No batches found for product 69034550de544e1ede0649f7 in receipt or export
Receipt approved successfully. Products created. Batches not auto-created.

--- createBatchesFromReceipt start: 2025-12-09T10:03:25+01:00 receipt=IR0002
Receipt details count: 1
Updated receipt details with persisted product ids for receipt IR0002
No batches found for product 69034550de544e1ede0649f7 in receipt or export
Receipt approved successfully. Products created. Batches not auto-created.

--- createBatchesFromReceipt start: 2025-12-09T10:11:14+01:00 receipt=IR0003
Receipt details count: 1
Updated receipt details with persisted product ids for receipt IR0003
No batches found for product new_1765271448783 in receipt or export
Receipt approved successfully. Products created. Batches not auto-created.

--- createBatchesFromReceipt start: 2025-12-09T10:11:30+01:00 receipt=IR0003
Receipt details count: 1
Updated receipt details with persisted product ids for receipt IR0003
No batches found for product new_1765271448783 in receipt or export
Receipt approved successfully. Products created. Batches not auto-created.

--- createBatchesFromReceipt start: 2025-12-09T10:14:02+01:00 receipt=IR0004
Receipt details count: 1
Updated receipt details with persisted product ids for receipt IR0004
No batches found for product new_1765271618316 in receipt or export
Receipt approved successfully. Products created. Batches not auto-created.

--- createBatchesFromReceipt start: 2025-12-09T10:16:52+01:00 receipt=IR0005
Receipt details count: 1
Attempting addProduct with payload: {"sku":"","product_name":"ACER3","barcode":"123123123","purchase_price":0,"baseUnit":"cái","conversionUnits":[{"unit":"thùng","factor":2,"dimensions":{"width":2,"depth":2,"height":3},"weight":4,"volume":12}],"package_dimensions":{"width":1,"depth":2,"height":3},"package_weight":2,"volume_per_unit":6,"model":"12321","description":"","min_stock":2,"status":1,"stackable":true,"max_stack_height":12,"image":"","category":{"id":"DM001","name":"Laptop"},"supplier":{"id":"3","name":"ACER"}}
addProduct returned: "6937e904c51ae24df0092df5"
Created product for temp item: sku= barcode=123123123 id=6937e904c51ae24df0092df5
Updated receipt details with persisted product ids for receipt IR0005
No batches found for product 6937e904c51ae24df0092df5 in receipt or export
Receipt approved successfully. Products created. Batches not auto-created.

--- createBatchesFromReceipt start: 2025-12-09T10:17:10+01:00 receipt=IR0005
Receipt details count: 1
Updated receipt details with persisted product ids for receipt IR0005
No batches found for product 6937e904c51ae24df0092df5 in receipt or export
Receipt approved successfully. Products created. Batches not auto-created.

--- createBatchesFromReceipt start: 2025-12-09T10:20:03+01:00 receipt=IR0006
Receipt details count: 1
Updated receipt details with persisted product ids for receipt IR0006
No batches found for product 69034550de544e1ede0649f7 in receipt or export
Receipt approved successfully. Products created. Batches not auto-created.

--- createBatchesFromReceipt start: 2025-12-09T10:20:12+01:00 receipt=IR0006
Receipt details count: 1
Updated receipt details with persisted product ids for receipt IR0006
No batches found for product 69034550de544e1ede0649f7 in receipt or export
Receipt approved successfully. Products created. Batches not auto-created.

--- createBatchesFromReceipt start: 2025-12-09T10:20:20+01:00 receipt=IR0006
Receipt details count: 1
Updated receipt details with persisted product ids for receipt IR0006
No batches found for product 69034550de544e1ede0649f7 in receipt or export
Receipt approved successfully. Products created. Batches not auto-created.

--- createBatchesFromReceipt start: 2025-12-09T10:20:29+01:00 receipt=IR0006
Receipt details count: 1
Updated receipt details with persisted product ids for receipt IR0006
No batches found for product 69034550de544e1ede0649f7 in receipt or export
Receipt approved successfully. Products created. Batches not auto-created.

--- createBatchesFromReceipt start: 2025-12-09T10:20:35+01:00 receipt=IR0006
Receipt details count: 1
Updated receipt details with persisted product ids for receipt IR0006
No batches found for product 69034550de544e1ede0649f7 in receipt or export
Receipt approved successfully. Products created. Batches not auto-created.

--- createBatchesFromReceipt start: 2025-12-09T10:20:42+01:00 receipt=IR0006
Receipt details count: 1
Updated receipt details with persisted product ids for receipt IR0006
No batches found for product 69034550de544e1ede0649f7 in receipt or export
Receipt approved successfully. Products created. Batches not auto-created.

--- createBatchesFromReceipt start: 2025-12-09T10:20:48+01:00 receipt=IR0006
Receipt details count: 1
Updated receipt details with persisted product ids for receipt IR0006
No batches found for product 69034550de544e1ede0649f7 in receipt or export
Receipt approved successfully. Products created. Batches not auto-created.

--- createBatchesFromReceipt start: 2025-12-09T10:20:56+01:00 receipt=IR0006
Receipt details count: 1
Updated receipt details with persisted product ids for receipt IR0006
No batches found for product 69034550de544e1ede0649f7 in receipt or export
Receipt approved successfully. Products created. Batches not auto-created.

--- createBatchesFromReceipt start: 2025-12-09T10:26:47+01:00 receipt=IR0007
Loaded batch info from export for 1 products
Receipt details count: 1
Updated receipt details with persisted product ids for receipt IR0007
Using batches from receipt details for product 69034550de544e1ede0649f7: 1 batches
Receipt approved successfully. Products created. Batches not auto-created.

--- createBatchesFromReceipt start: 2025-12-09T10:26:53+01:00 receipt=IR0007
Loaded batch info from export for 1 products
Receipt details count: 1
Updated receipt details with persisted product ids for receipt IR0007
Using batches from receipt details for product 69034550de544e1ede0649f7: 1 batches
Receipt approved successfully. Products created. Batches not auto-created.

--- createBatchesFromReceipt start: 2025-12-09T10:31:51+01:00 receipt=IR0008
Loaded batch info from export for 1 products
Receipt details count: 1
Updated receipt details with persisted product ids for receipt IR0008
Using batches from receipt details for product 69034550de544e1ede0649f7: 1 batches
Receipt approved successfully. Products created. Batches not auto-created.

--- createBatchesFromReceipt start: 2025-12-09T10:32:06+01:00 receipt=IR0008
Loaded batch info from export for 1 products
Receipt details count: 1
Updated receipt details with persisted product ids for receipt IR0008
Using batches from receipt details for product 69034550de544e1ede0649f7: 1 batches
Receipt approved successfully. Products created. Batches not auto-created.

--- createBatchesFromReceipt start: 2025-12-09T10:32:19+01:00 receipt=IR0008
Loaded batch info from export for 1 products
Receipt details count: 1
Updated receipt details with persisted product ids for receipt IR0008
Using batches from receipt details for product 69034550de544e1ede0649f7: 1 batches
Receipt approved successfully. Products created. Batches not auto-created.

--- createBatchesFromReceipt start: 2025-12-09T10:37:25+01:00 receipt=IR0009
Loaded batch info from export for 1 products
Receipt details count: 1
Updated receipt details with persisted product ids for receipt IR0009
Using batches from receipt details for product 69034550de544e1ede0649f7: 1 batches
Receipt approved successfully. Products created. Batches not auto-created.

--- createBatchesFromReceipt start: 2025-12-09T10:37:31+01:00 receipt=IR0009
Loaded batch info from export for 1 products
Receipt details count: 1
Updated receipt details with persisted product ids for receipt IR0009
Using batches from receipt details for product 69034550de544e1ede0649f7: 1 batches
Receipt approved successfully. Products created. Batches not auto-created.

--- createBatchesFromReceipt start: 2025-12-09T10:42:04+01:00 receipt=IR0010
Loaded batch info from export for 1 products
Receipt details count: 1
Updated receipt details with persisted product ids for receipt IR0010
Using batches from receipt details for product 69034550de544e1ede0649f7: 1 batches
Receipt approved successfully. Products created. Batches not auto-created.

--- createBatchesFromReceipt start: 2025-12-09T10:43:01+01:00 receipt=IR0010
Loaded batch info from export for 1 products
Receipt details count: 1
Updated receipt details with persisted product ids for receipt IR0010
Using batches from receipt details for product 69034550de544e1ede0649f7: 1 batches
Receipt approved successfully. Products created. Batches not auto-created.

--- createBatchesFromReceipt start: 2025-12-09T10:43:13+01:00 receipt=IR0010
Loaded batch info from export for 1 products
Receipt details count: 1
Updated receipt details with persisted product ids for receipt IR0010
Using batches from receipt details for product 69034550de544e1ede0649f7: 1 batches
Receipt approved successfully. Products created. Batches not auto-created.

--- createBatchesFromReceipt start: 2025-12-09T10:45:54+01:00 receipt=IR0011
Loaded batch info from export for 1 products
Receipt details count: 1
Updated receipt details with persisted product ids for receipt IR0011
Using batches from receipt details for product 69034550de544e1ede0649f7: 1 batches
Receipt approved successfully. Products created. Batches not auto-created.

--- createBatchesFromReceipt start: 2025-12-09T10:46:02+01:00 receipt=IR0011
Loaded batch info from export for 1 products
Receipt details count: 1
Updated receipt details with persisted product ids for receipt IR0011
Using batches from receipt details for product 69034550de544e1ede0649f7: 1 batches
Receipt approved successfully. Products created. Batches not auto-created.

--- createBatchesFromReceipt start: 2025-12-09T10:46:13+01:00 receipt=IR0011
Loaded batch info from export for 1 products
Receipt details count: 1
Updated receipt details with persisted product ids for receipt IR0011
Using batches from receipt details for product 69034550de544e1ede0649f7: 1 batches
Receipt approved successfully. Products created. Batches not auto-created.

--- createBatchesFromReceipt start: 2025-12-09T10:50:12+01:00 receipt=IR0012
Loaded batch info from export for 1 products
Receipt details count: 1
Updated receipt details with persisted product ids for receipt IR0012
Using batches from receipt details for product 69034550de544e1ede0649f7: 1 batches
Receipt approved successfully. Products created. Batches not auto-created.

--- createBatchesFromReceipt start: 2025-12-09T10:50:20+01:00 receipt=IR0012
Loaded batch info from export for 1 products
Receipt details count: 1
Updated receipt details with persisted product ids for receipt IR0012
Using batches from receipt details for product 69034550de544e1ede0649f7: 1 batches
Receipt approved successfully. Products created. Batches not auto-created.

--- createBatchesFromReceipt start: 2025-12-09T10:50:28+01:00 receipt=IR0012
Loaded batch info from export for 1 products
Receipt details count: 1
Updated receipt details with persisted product ids for receipt IR0012
Using batches from receipt details for product 69034550de544e1ede0649f7: 1 batches
Receipt approved successfully. Products created. Batches not auto-created.

--- createBatchesFromReceipt start: 2025-12-09T10:50:37+01:00 receipt=IR0012
Loaded batch info from export for 1 products
Receipt details count: 1
Updated receipt details with persisted product ids for receipt IR0012
Using batches from receipt details for product 69034550de544e1ede0649f7: 1 batches
Receipt approved successfully. Products created. Batches not auto-created.

--- createBatchesFromReceipt start: 2025-12-09T10:50:42+01:00 receipt=IR0012
Loaded batch info from export for 1 products
Receipt details count: 1
Updated receipt details with persisted product ids for receipt IR0012
Using batches from receipt details for product 69034550de544e1ede0649f7: 1 batches
Receipt approved successfully. Products created. Batches not auto-created.

--- createBatchesFromReceipt start: 2025-12-09T10:50:48+01:00 receipt=IR0012
Loaded batch info from export for 1 products
Receipt details count: 1
Updated receipt details with persisted product ids for receipt IR0012
Using batches from receipt details for product 69034550de544e1ede0649f7: 1 batches
Receipt approved successfully. Products created. Batches not auto-created.

--- createBatchesFromReceipt start: 2025-12-09T13:58:01+01:00 receipt=IR0021
Receipt details count: 1
Updated receipt details with persisted product ids for receipt IR0021
No batches found for product 68e2122fcb36532a2f0fbefd in receipt or export
Receipt approved successfully. Products created. Batches not auto-created.

--- createBatchesFromReceipt start: 2025-12-09T14:20:46+01:00 receipt=IR0020
Receipt details count: 2
Attempting addProduct with payload: {"sku":"","product_name":"Acer Nitro V","barcode":"BAR10031","purchase_price":0,"baseUnit":"cái","conversionUnits":[{"unit":"thùng","factor":5,"dimensions":{"width":20,"depth":30,"height":25},"weight":10,"volume":15000}],"package_dimensions":{"width":20,"depth":30,"height":5},"package_weight":2,"volume_per_unit":3000,"model":"SA-A266BZI","description":"Thêm mới","min_stock":10,"status":1,"stackable":true,"max_stack_height":30,"image":"","category":{"id":"DM001","name":"Laptop"},"supplier":{"id":"4","name":"HP"}}
addProduct returned: "6938222e3767cc9cf905dd5d"
Created product for temp item: sku= barcode=BAR10031 id=6938222e3767cc9cf905dd5d
Updated receipt details with persisted product ids for receipt IR0020
No batches found for product 69381b393767cc9cf905dd5a in receipt or export
No batches found for product 6938222e3767cc9cf905dd5d in receipt or export
Receipt approved successfully. Products created. Batches not auto-created.

--- createBatchesFromReceipt start: 2025-12-09T14:30:37+01:00 receipt=IR0020
Receipt details count: 2
Updated receipt details with persisted product ids for receipt IR0020
No batches found for product 69381b393767cc9cf905dd5a in receipt or export
No batches found for product 6938222e3767cc9cf905dd5d in receipt or export
Receipt approved successfully. Products created. Batches not auto-created.

--- createBatchesFromReceipt start: 2025-12-09T14:34:02+01:00 receipt=IR0020
Receipt details count: 2
Updated receipt details with persisted product ids for receipt IR0020
No batches found for product 69381b393767cc9cf905dd5a in receipt or export
No batches found for product 6938222e3767cc9cf905dd5d in receipt or export
Receipt approved successfully. Products created. Batches not auto-created.

--- createBatchesFromReceipt start: 2025-12-09T14:34:27+01:00 receipt=IR0020
Receipt details count: 2
Updated receipt details with persisted product ids for receipt IR0020
No batches found for product 69381b393767cc9cf905dd5a in receipt or export
No batches found for product 6938222e3767cc9cf905dd5d in receipt or export
Receipt approved successfully. Products created. Batches not auto-created.

--- createBatchesFromReceipt start: 2025-12-09T14:34:39+01:00 receipt=IR0020
Receipt details count: 2
Updated receipt details with persisted product ids for receipt IR0020
No batches found for product 69381b393767cc9cf905dd5a in receipt or export
No batches found for product 6938222e3767cc9cf905dd5d in receipt or export
Receipt approved successfully. Products created. Batches not auto-created.

--- createBatchesFromReceipt start: 2025-12-09T14:34:48+01:00 receipt=IR0020
Receipt details count: 2
Updated receipt details with persisted product ids for receipt IR0020
No batches found for product 69381b393767cc9cf905dd5a in receipt or export
No batches found for product 6938222e3767cc9cf905dd5d in receipt or export
Receipt approved successfully. Products created. Batches not auto-created.

--- createBatchesFromReceipt start: 2025-12-09T14:34:55+01:00 receipt=IR0020
Receipt details count: 2
Updated receipt details with persisted product ids for receipt IR0020
No batches found for product 69381b393767cc9cf905dd5a in receipt or export
No batches found for product 6938222e3767cc9cf905dd5d in receipt or export
Receipt approved successfully. Products created. Batches not auto-created.

--- createBatchesFromReceipt start: 2025-12-09T14:35:03+01:00 receipt=IR0020
Receipt details count: 2
Updated receipt details with persisted product ids for receipt IR0020
No batches found for product 69381b393767cc9cf905dd5a in receipt or export
No batches found for product 6938222e3767cc9cf905dd5d in receipt or export
Receipt approved successfully. Products created. Batches not auto-created.

--- createBatchesFromReceipt start: 2025-12-09T14:35:10+01:00 receipt=IR0020
Receipt details count: 2
Updated receipt details with persisted product ids for receipt IR0020
No batches found for product 69381b393767cc9cf905dd5a in receipt or export
No batches found for product 6938222e3767cc9cf905dd5d in receipt or export
Receipt approved successfully. Products created. Batches not auto-created.

--- createBatchesFromReceipt start: 2025-12-09T14:35:16+01:00 receipt=IR0020
Receipt details count: 2
Updated receipt details with persisted product ids for receipt IR0020
No batches found for product 69381b393767cc9cf905dd5a in receipt or export
No batches found for product 6938222e3767cc9cf905dd5d in receipt or export
Receipt approved successfully. Products created. Batches not auto-created.

--- createBatchesFromReceipt start: 2025-12-09T14:35:23+01:00 receipt=IR0020
Receipt details count: 2
Updated receipt details with persisted product ids for receipt IR0020
No batches found for product 69381b393767cc9cf905dd5a in receipt or export
No batches found for product 6938222e3767cc9cf905dd5d in receipt or export
Receipt approved successfully. Products created. Batches not auto-created.

--- createBatchesFromReceipt start: 2025-12-09T14:35:30+01:00 receipt=IR0020
Receipt details count: 2
Updated receipt details with persisted product ids for receipt IR0020
No batches found for product 69381b393767cc9cf905dd5a in receipt or export
No batches found for product 6938222e3767cc9cf905dd5d in receipt or export
Receipt approved successfully. Products created. Batches not auto-created.

--- createBatchesFromReceipt start: 2025-12-09T15:12:08+01:00 receipt=IR0022
Loaded batch info from export for 2 products
Receipt details count: 2
Updated receipt details with persisted product ids for receipt IR0022
Using batches from receipt details for product 6920d8e439e3eda99908f192: 1 batches
Using batches from receipt details for product 6938222e3767cc9cf905dd5d: 1 batches
Receipt approved successfully. Products created. Batches not auto-created.

--- createBatchesFromReceipt start: 2025-12-09T15:18:12+01:00 receipt=IR0022
Loaded batch info from export for 2 products
Receipt details count: 2
Updated receipt details with persisted product ids for receipt IR0022
Using batches from receipt details for product 6920d8e439e3eda99908f192: 1 batches
Using batches from receipt details for product 6938222e3767cc9cf905dd5d: 1 batches
Receipt approved successfully. Products created. Batches not auto-created.

--- createBatchesFromReceipt start: 2025-12-09T15:18:20+01:00 receipt=IR0022
Loaded batch info from export for 2 products
Receipt details count: 2
Updated receipt details with persisted product ids for receipt IR0022
Using batches from receipt details for product 6920d8e439e3eda99908f192: 1 batches
Using batches from receipt details for product 6938222e3767cc9cf905dd5d: 1 batches
Receipt approved successfully. Products created. Batches not auto-created.

--- createBatchesFromReceipt start: 2025-12-09T15:18:30+01:00 receipt=IR0022
Loaded batch info from export for 2 products
Receipt details count: 2
Updated receipt details with persisted product ids for receipt IR0022
Using batches from receipt details for product 6920d8e439e3eda99908f192: 1 batches
Using batches from receipt details for product 6938222e3767cc9cf905dd5d: 1 batches
Receipt approved successfully. Products created. Batches not auto-created.

--- createBatchesFromReceipt start: 2025-12-09T15:19:08+01:00 receipt=IR0022
Loaded batch info from export for 2 products
Receipt details count: 2
Updated receipt details with persisted product ids for receipt IR0022
Using batches from receipt details for product 6920d8e439e3eda99908f192: 1 batches
Using batches from receipt details for product 6938222e3767cc9cf905dd5d: 1 batches
Receipt approved successfully. Products created. Batches not auto-created.

--- createBatchesFromReceipt start: 2025-12-09T19:04:41+01:00 receipt=IR0023
Receipt details count: 1
Updated receipt details with persisted product ids for receipt IR0023
No batches found for product 6920d8e439e3eda99908f192 in receipt or export
Receipt approved successfully. Products created. Batches not auto-created.

--- createBatchesFromReceipt start: 2025-12-09T19:10:27+01:00 receipt=IR0024
Receipt details count: 1
Updated receipt details with persisted product ids for receipt IR0024
No batches found for product 68dd78e5dfe97d5c520ac055 in receipt or export
Receipt approved successfully. Products created. Batches not auto-created.

--- createBatchesFromReceipt start: 2025-12-09T19:13:34+01:00 receipt=IR0018
Receipt details count: 1
Updated receipt details with persisted product ids for receipt IR0018
No batches found for product 68e206b1cb36532a2f0fbefc in receipt or export
Receipt approved successfully. Products created. Batches not auto-created.

--- createBatchesFromReceipt start: 2025-12-09T19:15:30+01:00 receipt=IR0025
Receipt details count: 1
Updated receipt details with persisted product ids for receipt IR0025
No batches found for product 68ffe2030000000000000004 in receipt or export
Receipt approved successfully. Products created. Batches not auto-created.

--- createBatchesFromReceipt start: 2025-12-09T19:27:23+01:00 receipt=IR0026
Receipt details count: 1
Updated receipt details with persisted product ids for receipt IR0026
No batches found for product 691df11bc6f7cbe4b60b733a in receipt or export
Receipt approved successfully. Products created. Batches not auto-created.

--- createBatchesFromReceipt start: 2025-12-09T19:29:44+01:00 receipt=IR0002
Receipt details count: 1
Updated receipt details with persisted product ids for receipt IR0002
No batches found for product 68f112a3836555952e05dce4 in receipt or export
Receipt approved successfully. Products created. Batches not auto-created.

--- createBatchesFromReceipt start: 2025-12-09T19:29:58+01:00 receipt=IR0002
Receipt details count: 1
Updated receipt details with persisted product ids for receipt IR0002
No batches found for product 68f112a3836555952e05dce4 in receipt or export
Receipt approved successfully. Products created. Batches not auto-created.

--- createBatchesFromReceipt start: 2025-12-09T19:40:32+01:00 receipt=IR0018
Receipt details count: 1
Updated receipt details with persisted product ids for receipt IR0018
No batches found for product 68e206b1cb36532a2f0fbefc in receipt or export
Receipt approved successfully. Products created. Batches not auto-created.

--- createBatchesFromReceipt start: 2025-12-09T19:57:22+01:00 receipt=IR0023
Receipt details count: 1
Updated receipt details with persisted product ids for receipt IR0023
No batches found for product 6920d8e439e3eda99908f192 in receipt or export
Receipt approved successfully. Products created. Batches not auto-created.

--- createBatchesFromReceipt start: 2025-12-09T20:00:08+01:00 receipt=IR0021
Receipt details count: 1
Updated receipt details with persisted product ids for receipt IR0021
No batches found for product 68e2122fcb36532a2f0fbefd in receipt or export
Receipt approved successfully. Products created. Batches not auto-created.

--- createBatchesFromReceipt start: 2025-12-09T20:28:39+01:00 receipt=IR0027
Receipt details count: 1
Updated receipt details with persisted product ids for receipt IR0027
No batches found for product 68ffe2030000000000000005 in receipt or export
Receipt approved successfully. Products created. Batches not auto-created.

--- createBatchesFromReceipt start: 2025-12-09T20:31:38+01:00 receipt=IR0028
Receipt details count: 1
Updated receipt details with persisted product ids for receipt IR0028
No batches found for product 68e2122fcb36532a2f0fbefd in receipt or export
Receipt approved successfully. Products created. Batches not auto-created.

--- createBatchesFromReceipt start: 2025-12-09T20:33:52+01:00 receipt=IR0029
Receipt details count: 1
Updated receipt details with persisted product ids for receipt IR0029
No batches found for product 68ffe2030000000000000006 in receipt or export
Receipt approved successfully. Products created. Batches not auto-created.

--- createBatchesFromReceipt start: 2025-12-09T20:34:03+01:00 receipt=IR0030
Receipt details count: 1
Updated receipt details with persisted product ids for receipt IR0030
No batches found for product 68ffe2030000000000000007 in receipt or export
Receipt approved successfully. Products created. Batches not auto-created.

--- createBatchesFromReceipt start: 2025-12-09T20:35:59+01:00 receipt=IR0024
Receipt details count: 1
Updated receipt details with persisted product ids for receipt IR0024
No batches found for product 68dd78e5dfe97d5c520ac055 in receipt or export
Receipt approved successfully. Products created. Batches not auto-created.

--- createBatchesFromReceipt start: 2025-12-09T20:38:32+01:00 receipt=IR0031
Receipt details count: 1
Updated receipt details with persisted product ids for receipt IR0031
No batches found for product 68ffe2030000000000000007 in receipt or export
Receipt approved successfully. Products created. Batches not auto-created.

--- createBatchesFromReceipt start: 2025-12-09T20:38:51+01:00 receipt=IR0025
Receipt details count: 1
Updated receipt details with persisted product ids for receipt IR0025
No batches found for product 68ffe2030000000000000004 in receipt or export
Receipt approved successfully. Products created. Batches not auto-created.

--- createBatchesFromReceipt start: 2025-12-09T23:49:05+01:00 receipt=IR0017
Receipt details count: 1
Updated receipt details with persisted product ids for receipt IR0017
No batches found for product 68dd78e5dfe97d5c520ac055 in receipt or export
Receipt approved successfully. Products created. Batches not auto-created.
