--- getReceiptExportChartData called: 2025-11-28T02:02:43+07:00
REQUEST_URI: /kltn/view/page/manage/index.php?page=dashboard
GET: {"page":"dashboard"}
7d-bin: start=2025-11-22 receipt=0 export=0
7d-bin: start=2025-11-23 receipt=0 export=0
7d-bin: start=2025-11-24 receipt=0 export=0
7d-bin: start=2025-11-25 receipt=0 export=0
7d-bin: start=2025-11-26 receipt=0 export=0
7d-bin: start=2025-11-27 receipt=0 export=0
7d-bin: start=2025-11-28 receipt=0 export=0
--- getReceiptExportChartData called: 2025-11-28T02:03:58+07:00
REQUEST_URI: /kltn/view/page/manage/index.php?page=dashboard
GET: {"page":"dashboard"}
7d-bin: start=2025-11-22 receipt=0 export=0
7d-bin: start=2025-11-23 receipt=0 export=0
7d-bin: start=2025-11-24 receipt=0 export=0
7d-bin: start=2025-11-25 receipt=0 export=0
7d-bin: start=2025-11-26 receipt=0 export=0
7d-bin: start=2025-11-27 receipt=0 export=0
7d-bin: start=2025-11-28 receipt=0 export=0
--- getReceiptExportChartData called: 2025-11-28T02:06:55+07:00
REQUEST_URI: /kltn/view/page/manage/index.php?page=dashboard
GET: {"page":"dashboard"}
7d-bin: start=2025-11-22 receipt=0 export=0
7d-bin: start=2025-11-23 receipt=0 export=0
7d-bin: start=2025-11-24 receipt=0 export=0
7d-bin: start=2025-11-25 receipt=0 export=0
7d-bin: start=2025-11-26 receipt=0 export=0
7d-bin: start=2025-11-27 receipt=0 export=0
7d-bin: start=2025-11-28 receipt=0 export=0
--- getReceiptExportChartData called: 2025-11-28T02:06:56+07:00
REQUEST_URI: /kltn/view/page/manage/index.php?page=dashboard
GET: {"page":"dashboard"}
7d-bin: start=2025-11-22 receipt=0 export=0
7d-bin: start=2025-11-23 receipt=0 export=0
7d-bin: start=2025-11-24 receipt=0 export=0
7d-bin: start=2025-11-25 receipt=0 export=0
7d-bin: start=2025-11-26 receipt=0 export=0
7d-bin: start=2025-11-27 receipt=0 export=0
7d-bin: start=2025-11-28 receipt=0 export=0
--- getReceiptExportChartData called: 2025-11-28T02:08:01+07:00
REQUEST_URI: /kltn/view/page/manage/index.php?page=dashboard
GET: {"page":"dashboard"}
7d-bin: start=2025-11-22 receipt=0 export=0
7d-bin: start=2025-11-23 receipt=0 export=0
7d-bin: start=2025-11-24 receipt=0 export=0
7d-bin: start=2025-11-25 receipt=0 export=0
7d-bin: start=2025-11-26 receipt=0 export=0
7d-bin: start=2025-11-27 receipt=0 export=0
7d-bin: start=2025-11-28 receipt=0 export=0
--- getReceiptExportChartData called: 2025-11-28T02:08:03+07:00
REQUEST_URI: /kltn/view/page/manage/index.php?page=dashboard
GET: {"page":"dashboard"}
7d-bin: start=2025-11-22 receipt=0 export=0
7d-bin: start=2025-11-23 receipt=0 export=0
7d-bin: start=2025-11-24 receipt=0 export=0
7d-bin: start=2025-11-25 receipt=0 export=0
7d-bin: start=2025-11-26 receipt=0 export=0
7d-bin: start=2025-11-27 receipt=0 export=0
7d-bin: start=2025-11-28 receipt=0 export=0
--- getReceiptExportChartData called: 2025-11-28T02:08:03+07:00
REQUEST_URI: /kltn/view/page/manage/index.php?page=dashboard
GET: {"page":"dashboard"}
7d-bin: start=2025-11-22 receipt=0 export=0
7d-bin: start=2025-11-23 receipt=0 export=0
7d-bin: start=2025-11-24 receipt=0 export=0
7d-bin: start=2025-11-25 receipt=0 export=0
7d-bin: start=2025-11-26 receipt=0 export=0
7d-bin: start=2025-11-27 receipt=0 export=0
7d-bin: start=2025-11-28 receipt=0 export=0
--- getReceiptExportChartData called: 2025-11-28T02:08:03+07:00
REQUEST_URI: /kltn/view/page/manage/index.php?page=dashboard
GET: {"page":"dashboard"}
7d-bin: start=2025-11-22 receipt=0 export=0
7d-bin: start=2025-11-23 receipt=0 export=0
7d-bin: start=2025-11-24 receipt=0 export=0
7d-bin: start=2025-11-25 receipt=0 export=0
7d-bin: start=2025-11-26 receipt=0 export=0
7d-bin: start=2025-11-27 receipt=0 export=0
7d-bin: start=2025-11-28 receipt=0 export=0
--- getReceiptExportChartData called: 2025-11-28T02:08:04+07:00
REQUEST_URI: /kltn/view/page/manage/index.php?page=dashboard
GET: {"page":"dashboard"}
7d-bin: start=2025-11-22 receipt=0 export=0
7d-bin: start=2025-11-23 receipt=0 export=0
7d-bin: start=2025-11-24 receipt=0 export=0
7d-bin: start=2025-11-25 receipt=0 export=0
7d-bin: start=2025-11-26 receipt=0 export=0
7d-bin: start=2025-11-27 receipt=0 export=0
7d-bin: start=2025-11-28 receipt=0 export=0
--- getReceiptExportChartData called: 2025-11-28T02:08:04+07:00
REQUEST_URI: /kltn/view/page/manage/index.php?page=dashboard
GET: {"page":"dashboard"}
7d-bin: start=2025-11-22 receipt=0 export=0
7d-bin: start=2025-11-23 receipt=0 export=0
7d-bin: start=2025-11-24 receipt=0 export=0
7d-bin: start=2025-11-25 receipt=0 export=0
7d-bin: start=2025-11-26 receipt=0 export=0
7d-bin: start=2025-11-27 receipt=0 export=0
7d-bin: start=2025-11-28 receipt=0 export=0
--- getReceiptExportChartData called: 2025-11-28T02:08:04+07:00
REQUEST_URI: /kltn/view/page/manage/index.php?page=dashboard
GET: {"page":"dashboard"}
7d-bin: start=2025-11-22 receipt=0 export=0
7d-bin: start=2025-11-23 receipt=0 export=0
7d-bin: start=2025-11-24 receipt=0 export=0
7d-bin: start=2025-11-25 receipt=0 export=0
7d-bin: start=2025-11-26 receipt=0 export=0
7d-bin: start=2025-11-27 receipt=0 export=0
7d-bin: start=2025-11-28 receipt=0 export=0
--- getReceiptExportChartData called: 2025-11-28T02:09:32+07:00
REQUEST_URI: /kltn/view/page/manage/index.php?page=dashboard
GET: {"page":"dashboard"}
7d-bin: start=2025-11-22 receipt=0 export=0
7d-bin: start=2025-11-23 receipt=0 export=0
7d-bin: start=2025-11-24 receipt=0 export=0
7d-bin: start=2025-11-25 receipt=0 export=0
7d-bin: start=2025-11-26 receipt=0 export=0
7d-bin: start=2025-11-27 receipt=0 export=0
7d-bin: start=2025-11-28 receipt=0 export=0
--- getReceiptExportChartData called: 2025-11-28T02:10:59+07:00
REQUEST_URI: /kltn/view/page/manage/index.php?page=dashboard
GET: {"page":"dashboard"}
7d-bin: start=2025-11-22 receipt=0 export=0
7d-bin: start=2025-11-23 receipt=0 export=0
7d-bin: start=2025-11-24 receipt=0 export=0
7d-bin: start=2025-11-25 receipt=0 export=0
7d-bin: start=2025-11-26 receipt=0 export=0
7d-bin: start=2025-11-27 receipt=0 export=0
7d-bin: start=2025-11-28 receipt=0 export=0
--- getReceiptExportChartData called: 2025-11-28T02:12:11+07:00
REQUEST_URI: /kltn/view/page/manage/index.php?page=dashboard
GET: {"page":"dashboard"}
7d-bin: start=2025-11-22 receipt=0 export=0
7d-bin: start=2025-11-23 receipt=0 export=0
7d-bin: start=2025-11-24 receipt=0 export=0
7d-bin: start=2025-11-25 receipt=0 export=0
7d-bin: start=2025-11-26 receipt=0 export=0
7d-bin: start=2025-11-27 receipt=0 export=0
7d-bin: start=2025-11-28 receipt=0 export=0
--- getReceiptExportChartData called: 2025-11-28T02:14:04+07:00
REQUEST_URI: /kltn/view/page/manage/index.php?page=dashboard
GET: {"page":"dashboard"}
7d-bin: start=2025-11-22 receipt=0 export=0
7d-bin: start=2025-11-23 receipt=0 export=0
7d-bin: start=2025-11-24 receipt=0 export=0
7d-bin: start=2025-11-25 receipt=0 export=0
7d-bin: start=2025-11-26 receipt=0 export=0
7d-bin: start=2025-11-27 receipt=0 export=0
7d-bin: start=2025-11-28 receipt=0 export=0
--- getReceiptExportChartData called: 2025-11-28T02:15:15+07:00
REQUEST_URI: /kltn/view/page/manage/index.php?page=dashboard
GET: {"page":"dashboard"}
7d-bin: start=2025-11-22 receipt=0 export=0
7d-bin: start=2025-11-23 receipt=0 export=0
7d-bin: start=2025-11-24 receipt=0 export=0
7d-bin: start=2025-11-25 receipt=0 export=0
7d-bin: start=2025-11-26 receipt=0 export=0
7d-bin: start=2025-11-27 receipt=0 export=0
7d-bin: start=2025-11-28 receipt=0 export=0
--- getReceiptExportChartData called: 2025-11-28T02:15:17+07:00
REQUEST_URI: /kltn/view/page/manage/index.php?page=dashboard
GET: {"page":"dashboard"}
7d-bin: start=2025-11-22 receipt=0 export=0
7d-bin: start=2025-11-23 receipt=0 export=0
7d-bin: start=2025-11-24 receipt=0 export=0
7d-bin: start=2025-11-25 receipt=0 export=0
7d-bin: start=2025-11-26 receipt=0 export=0
7d-bin: start=2025-11-27 receipt=0 export=0
7d-bin: start=2025-11-28 receipt=0 export=0
--- getReceiptExportChartData called: 2025-11-28T02:15:57+07:00
REQUEST_URI: /kltn/view/page/manage/index.php?inout_period=week&page=dashboard
GET: {"inout_period":"week","page":"dashboard"}
week-bin: start=2025-10-06 end=2025-10-12 receipt=0 export=0
week-bin: start=2025-10-13 end=2025-10-19 receipt=0 export=0
week-bin: start=2025-10-20 end=2025-10-26 receipt=0 export=0
week-bin: start=2025-10-27 end=2025-11-02 receipt=0 export=0
week-bin: start=2025-11-03 end=2025-11-09 receipt=0 export=0
week-bin: start=2025-11-10 end=2025-11-16 receipt=7 export=4
week-bin: start=2025-11-17 end=2025-11-23 receipt=0 export=0
week-bin: start=2025-11-24 end=2025-11-30 receipt=0 export=0
--- getReceiptExportChartData called: 2025-11-28T02:16:00+07:00
REQUEST_URI: /kltn/view/page/manage/index.php?inout_period=month&page=dashboard
GET: {"inout_period":"month","page":"dashboard"}
month-bin: start=2024-12-01 end=2024-12-31 receipt=0 export=0
month-bin: start=2025-01-01 end=2025-01-31 receipt=0 export=0
month-bin: start=2025-02-01 end=2025-02-28 receipt=0 export=0
month-bin: start=2025-03-01 end=2025-03-31 receipt=0 export=0
month-bin: start=2025-04-01 end=2025-04-30 receipt=0 export=0
month-bin: start=2025-05-01 end=2025-05-31 receipt=0 export=0
month-bin: start=2025-06-01 end=2025-06-30 receipt=0 export=0
month-bin: start=2025-07-01 end=2025-07-31 receipt=0 export=0
month-bin: start=2025-08-01 end=2025-08-31 receipt=0 export=0
month-bin: start=2025-09-01 end=2025-09-30 receipt=0 export=0
month-bin: start=2025-10-01 end=2025-10-31 receipt=0 export=0
month-bin: start=2025-11-01 end=2025-11-30 receipt=7 export=4
--- getReceiptExportChartData called: 2025-11-28T02:16:04+07:00
REQUEST_URI: /kltn/view/page/manage/index.php?inout_period=quarter&page=dashboard
GET: {"inout_period":"quarter","page":"dashboard"}
quarter-bin: start=2024-02-01 end=2024-04-30 receipt=0 export=0
quarter-bin: start=2024-05-01 end=2024-07-31 receipt=0 export=0
quarter-bin: start=2024-08-01 end=2024-10-31 receipt=0 export=0
quarter-bin: start=2024-11-01 end=2025-01-31 receipt=0 export=0
quarter-bin: start=2025-02-01 end=2025-04-30 receipt=0 export=0
quarter-bin: start=2025-05-01 end=2025-07-31 receipt=0 export=0
quarter-bin: start=2025-08-01 end=2025-10-31 receipt=0 export=0
quarter-bin: start=2025-11-01 end=2026-01-31 receipt=7 export=4
--- getReceiptExportChartData called: 2025-11-28T02:16:07+07:00
REQUEST_URI: /kltn/view/page/manage/index.php?inout_period=week&page=dashboard
GET: {"inout_period":"week","page":"dashboard"}
week-bin: start=2025-10-06 end=2025-10-12 receipt=0 export=0
week-bin: start=2025-10-13 end=2025-10-19 receipt=0 export=0
week-bin: start=2025-10-20 end=2025-10-26 receipt=0 export=0
week-bin: start=2025-10-27 end=2025-11-02 receipt=0 export=0
week-bin: start=2025-11-03 end=2025-11-09 receipt=0 export=0
week-bin: start=2025-11-10 end=2025-11-16 receipt=7 export=4
week-bin: start=2025-11-17 end=2025-11-23 receipt=0 export=0
week-bin: start=2025-11-24 end=2025-11-30 receipt=0 export=0
--- getReceiptExportChartData called: 2025-11-28T02:16:12+07:00
REQUEST_URI: /kltn/view/page/manage/index.php?inout_period=7d&page=dashboard
GET: {"inout_period":"7d","page":"dashboard"}
7d-bin: start=2025-11-22 receipt=0 export=0
7d-bin: start=2025-11-23 receipt=0 export=0
7d-bin: start=2025-11-24 receipt=0 export=0
7d-bin: start=2025-11-25 receipt=0 export=0
7d-bin: start=2025-11-26 receipt=0 export=0
7d-bin: start=2025-11-27 receipt=0 export=0
7d-bin: start=2025-11-28 receipt=0 export=0
--- getReceiptExportChartData called: 2025-11-28T02:16:30+07:00
REQUEST_URI: /kltn/view/page/manage/index.php?inout_period=7d&page=dashboard
GET: {"inout_period":"7d","page":"dashboard"}
7d-bin: start=2025-11-22 receipt=0 export=0
7d-bin: start=2025-11-23 receipt=0 export=0
7d-bin: start=2025-11-24 receipt=0 export=0
7d-bin: start=2025-11-25 receipt=0 export=0
7d-bin: start=2025-11-26 receipt=0 export=0
7d-bin: start=2025-11-27 receipt=0 export=0
7d-bin: start=2025-11-28 receipt=0 export=0
--- getReceiptExportChartData called: 2025-11-28T02:16:38+07:00
REQUEST_URI: /kltn/view/page/manage/index.php?inout_period=week&page=dashboard
GET: {"inout_period":"week","page":"dashboard"}
week-bin: start=2025-10-06 end=2025-10-12 receipt=0 export=0
week-bin: start=2025-10-13 end=2025-10-19 receipt=0 export=0
week-bin: start=2025-10-20 end=2025-10-26 receipt=0 export=0
week-bin: start=2025-10-27 end=2025-11-02 receipt=0 export=0
week-bin: start=2025-11-03 end=2025-11-09 receipt=0 export=0
week-bin: start=2025-11-10 end=2025-11-16 receipt=7 export=4
week-bin: start=2025-11-17 end=2025-11-23 receipt=0 export=0
week-bin: start=2025-11-24 end=2025-11-30 receipt=0 export=0
--- getReceiptExportChartData called: 2025-11-28T02:16:48+07:00
REQUEST_URI: /kltn/view/page/manage/index.php?inout_period=7d&page=dashboard
GET: {"inout_period":"7d","page":"dashboard"}
7d-bin: start=2025-11-22 receipt=0 export=0
7d-bin: start=2025-11-23 receipt=0 export=0
7d-bin: start=2025-11-24 receipt=0 export=0
7d-bin: start=2025-11-25 receipt=0 export=0
7d-bin: start=2025-11-26 receipt=0 export=0
7d-bin: start=2025-11-27 receipt=0 export=0
7d-bin: start=2025-11-28 receipt=0 export=0
--- getReceiptExportChartData called: 2025-11-28T02:16:51+07:00
REQUEST_URI: /kltn/view/page/manage/index.php?page=dashboard
GET: {"page":"dashboard"}
7d-bin: start=2025-11-22 receipt=0 export=0
7d-bin: start=2025-11-23 receipt=0 export=0
7d-bin: start=2025-11-24 receipt=0 export=0
7d-bin: start=2025-11-25 receipt=0 export=0
7d-bin: start=2025-11-26 receipt=0 export=0
7d-bin: start=2025-11-27 receipt=0 export=0
7d-bin: start=2025-11-28 receipt=0 export=0
--- getReceiptExportChartData called: 2025-11-28T02:19:04+07:00
REQUEST_URI: /kltn/view/page/manage/index.php?page=dashboard
GET: {"page":"dashboard"}
7d-bin: start=2025-11-22 receipt=0 export=0
7d-bin: start=2025-11-23 receipt=0 export=0
7d-bin: start=2025-11-24 receipt=0 export=0
7d-bin: start=2025-11-25 receipt=0 export=0
7d-bin: start=2025-11-26 receipt=0 export=0
7d-bin: start=2025-11-27 receipt=0 export=0
7d-bin: start=2025-11-28 receipt=0 export=0
--- getReceiptExportChartData called: 2025-11-28T02:19:08+07:00
REQUEST_URI: /kltn/view/page/manage/index.php?inout_period=month&page=dashboard
GET: {"inout_period":"month","page":"dashboard"}
month-bin: start=2024-12-01 end=2024-12-31 receipt=0 export=0
month-bin: start=2025-01-01 end=2025-01-31 receipt=0 export=0
month-bin: start=2025-02-01 end=2025-02-28 receipt=0 export=0
month-bin: start=2025-03-01 end=2025-03-31 receipt=0 export=0
month-bin: start=2025-04-01 end=2025-04-30 receipt=0 export=0
month-bin: start=2025-05-01 end=2025-05-31 receipt=0 export=0
month-bin: start=2025-06-01 end=2025-06-30 receipt=0 export=0
month-bin: start=2025-07-01 end=2025-07-31 receipt=0 export=0
month-bin: start=2025-08-01 end=2025-08-31 receipt=0 export=0
month-bin: start=2025-09-01 end=2025-09-30 receipt=0 export=0
month-bin: start=2025-10-01 end=2025-10-31 receipt=0 export=0
month-bin: start=2025-11-01 end=2025-11-30 receipt=7 export=4
--- getReceiptExportChartData called: 2025-11-28T02:19:34+07:00
REQUEST_URI: /kltn/view/page/manage/index.php?inout_period=7d&page=dashboard
GET: {"inout_period":"7d","page":"dashboard"}
7d-bin: start=2025-11-22 receipt=0 export=0
7d-bin: start=2025-11-23 receipt=0 export=0
7d-bin: start=2025-11-24 receipt=0 export=0
7d-bin: start=2025-11-25 receipt=0 export=0
7d-bin: start=2025-11-26 receipt=0 export=0
7d-bin: start=2025-11-27 receipt=0 export=0
7d-bin: start=2025-11-28 receipt=0 export=0
--- getReceiptExportChartData called: 2025-11-28T02:19:40+07:00
REQUEST_URI: /kltn/view/page/manage/index.php?inout_period=week&page=dashboard
GET: {"inout_period":"week","page":"dashboard"}
week-bin: start=2025-10-06 end=2025-10-12 receipt=0 export=0
week-bin: start=2025-10-13 end=2025-10-19 receipt=0 export=0
week-bin: start=2025-10-20 end=2025-10-26 receipt=0 export=0
week-bin: start=2025-10-27 end=2025-11-02 receipt=0 export=0
week-bin: start=2025-11-03 end=2025-11-09 receipt=0 export=0
week-bin: start=2025-11-10 end=2025-11-16 receipt=7 export=4
week-bin: start=2025-11-17 end=2025-11-23 receipt=0 export=0
week-bin: start=2025-11-24 end=2025-11-30 receipt=0 export=0
--- getReceiptExportChartData called: 2025-11-28T02:19:45+07:00
REQUEST_URI: /kltn/view/page/manage/index.php?inout_period=month&page=dashboard
GET: {"inout_period":"month","page":"dashboard"}
month-bin: start=2024-12-01 end=2024-12-31 receipt=0 export=0
month-bin: start=2025-01-01 end=2025-01-31 receipt=0 export=0
month-bin: start=2025-02-01 end=2025-02-28 receipt=0 export=0
month-bin: start=2025-03-01 end=2025-03-31 receipt=0 export=0
month-bin: start=2025-04-01 end=2025-04-30 receipt=0 export=0
month-bin: start=2025-05-01 end=2025-05-31 receipt=0 export=0
month-bin: start=2025-06-01 end=2025-06-30 receipt=0 export=0
month-bin: start=2025-07-01 end=2025-07-31 receipt=0 export=0
month-bin: start=2025-08-01 end=2025-08-31 receipt=0 export=0
month-bin: start=2025-09-01 end=2025-09-30 receipt=0 export=0
month-bin: start=2025-10-01 end=2025-10-31 receipt=0 export=0
month-bin: start=2025-11-01 end=2025-11-30 receipt=7 export=4
--- getReceiptExportChartData called: 2025-11-28T02:19:52+07:00
REQUEST_URI: /kltn/view/page/manage/index.php?inout_period=quarter&page=dashboard
GET: {"inout_period":"quarter","page":"dashboard"}
quarter-bin: start=2024-02-01 end=2024-04-30 receipt=0 export=0
quarter-bin: start=2024-05-01 end=2024-07-31 receipt=0 export=0
quarter-bin: start=2024-08-01 end=2024-10-31 receipt=0 export=0
quarter-bin: start=2024-11-01 end=2025-01-31 receipt=0 export=0
quarter-bin: start=2025-02-01 end=2025-04-30 receipt=0 export=0
quarter-bin: start=2025-05-01 end=2025-07-31 receipt=0 export=0
quarter-bin: start=2025-08-01 end=2025-10-31 receipt=0 export=0
quarter-bin: start=2025-11-01 end=2026-01-31 receipt=7 export=4
--- getReceiptExportChartData called: 2025-11-28T02:19:58+07:00
REQUEST_URI: /kltn/view/page/manage/index.php?inout_period=year&page=dashboard
GET: {"inout_period":"year","page":"dashboard"}
fallback-bin: start=2025-11-22 receipt=0 export=0
fallback-bin: start=2025-11-23 receipt=0 export=0
fallback-bin: start=2025-11-24 receipt=0 export=0
fallback-bin: start=2025-11-25 receipt=0 export=0
fallback-bin: start=2025-11-26 receipt=0 export=0
fallback-bin: start=2025-11-27 receipt=0 export=0
fallback-bin: start=2025-11-28 receipt=0 export=0
--- getReceiptExportChartData called: 2025-11-28T02:20:02+07:00
REQUEST_URI: /kltn/view/page/manage/index.php?inout_period=7d&page=dashboard
GET: {"inout_period":"7d","page":"dashboard"}
7d-bin: start=2025-11-22 receipt=0 export=0
7d-bin: start=2025-11-23 receipt=0 export=0
7d-bin: start=2025-11-24 receipt=0 export=0
7d-bin: start=2025-11-25 receipt=0 export=0
7d-bin: start=2025-11-26 receipt=0 export=0
7d-bin: start=2025-11-27 receipt=0 export=0
7d-bin: start=2025-11-28 receipt=0 export=0
--- getReceiptExportChartData called: 2025-11-28T02:21:32+07:00
REQUEST_URI: /kltn/view/page/manage/index.php?inout_period=7d&page=dashboard
GET: {"inout_period":"7d","page":"dashboard"}
7d-bin: start=2025-11-22 receipt=0 export=0
7d-bin: start=2025-11-23 receipt=0 export=0
7d-bin: start=2025-11-24 receipt=0 export=0
7d-bin: start=2025-11-25 receipt=0 export=0
7d-bin: start=2025-11-26 receipt=0 export=0
7d-bin: start=2025-11-27 receipt=0 export=0
7d-bin: start=2025-11-28 receipt=0 export=0
--- getReceiptExportChartData called: 2025-11-28T02:21:37+07:00
REQUEST_URI: /kltn/view/page/manage/index.php?inout_period=week&page=dashboard
GET: {"inout_period":"week","page":"dashboard"}
week-bin: start=2025-10-06 end=2025-10-12 receipt=0 export=0
week-bin: start=2025-10-13 end=2025-10-19 receipt=0 export=0
week-bin: start=2025-10-20 end=2025-10-26 receipt=0 export=0
week-bin: start=2025-10-27 end=2025-11-02 receipt=0 export=0
week-bin: start=2025-11-03 end=2025-11-09 receipt=0 export=0
week-bin: start=2025-11-10 end=2025-11-16 receipt=7 export=4
week-bin: start=2025-11-17 end=2025-11-23 receipt=0 export=0
week-bin: start=2025-11-24 end=2025-11-30 receipt=0 export=0
--- getReceiptExportChartData called: 2025-11-28T02:21:49+07:00
REQUEST_URI: /kltn/view/page/manage/index.php?inout_period=7d&page=dashboard
GET: {"inout_period":"7d","page":"dashboard"}
7d-bin: start=2025-11-22 receipt=0 export=0
7d-bin: start=2025-11-23 receipt=0 export=0
7d-bin: start=2025-11-24 receipt=0 export=0
7d-bin: start=2025-11-25 receipt=0 export=0
7d-bin: start=2025-11-26 receipt=0 export=0
7d-bin: start=2025-11-27 receipt=0 export=0
7d-bin: start=2025-11-28 receipt=0 export=0
--- getReceiptExportChartData called: 2025-11-28T02:21:53+07:00
REQUEST_URI: /kltn/view/page/manage/index.php?inout_period=week&page=dashboard
GET: {"inout_period":"week","page":"dashboard"}
week-bin: start=2025-10-06 end=2025-10-12 receipt=0 export=0
week-bin: start=2025-10-13 end=2025-10-19 receipt=0 export=0
week-bin: start=2025-10-20 end=2025-10-26 receipt=0 export=0
week-bin: start=2025-10-27 end=2025-11-02 receipt=0 export=0
week-bin: start=2025-11-03 end=2025-11-09 receipt=0 export=0
week-bin: start=2025-11-10 end=2025-11-16 receipt=7 export=4
week-bin: start=2025-11-17 end=2025-11-23 receipt=0 export=0
week-bin: start=2025-11-24 end=2025-11-30 receipt=0 export=0
--- getReceiptExportChartData called: 2025-11-28T02:21:56+07:00
REQUEST_URI: /kltn/view/page/manage/index.php?inout_period=month&page=dashboard
GET: {"inout_period":"month","page":"dashboard"}
month-bin: start=2024-12-01 end=2024-12-31 receipt=0 export=0
month-bin: start=2025-01-01 end=2025-01-31 receipt=0 export=0
month-bin: start=2025-02-01 end=2025-02-28 receipt=0 export=0
month-bin: start=2025-03-01 end=2025-03-31 receipt=0 export=0
month-bin: start=2025-04-01 end=2025-04-30 receipt=0 export=0
month-bin: start=2025-05-01 end=2025-05-31 receipt=0 export=0
month-bin: start=2025-06-01 end=2025-06-30 receipt=0 export=0
month-bin: start=2025-07-01 end=2025-07-31 receipt=0 export=0
month-bin: start=2025-08-01 end=2025-08-31 receipt=0 export=0
month-bin: start=2025-09-01 end=2025-09-30 receipt=0 export=0
month-bin: start=2025-10-01 end=2025-10-31 receipt=0 export=0
month-bin: start=2025-11-01 end=2025-11-30 receipt=7 export=4
--- getReceiptExportChartData called: 2025-11-28T02:22:00+07:00
REQUEST_URI: /kltn/view/page/manage/index.php?inout_period=quarter&page=dashboard
GET: {"inout_period":"quarter","page":"dashboard"}
quarter-bin: start=2024-02-01 end=2024-04-30 receipt=0 export=0
quarter-bin: start=2024-05-01 end=2024-07-31 receipt=0 export=0
quarter-bin: start=2024-08-01 end=2024-10-31 receipt=0 export=0
quarter-bin: start=2024-11-01 end=2025-01-31 receipt=0 export=0
quarter-bin: start=2025-02-01 end=2025-04-30 receipt=0 export=0
quarter-bin: start=2025-05-01 end=2025-07-31 receipt=0 export=0
quarter-bin: start=2025-08-01 end=2025-10-31 receipt=0 export=0
quarter-bin: start=2025-11-01 end=2026-01-31 receipt=7 export=4
--- getReceiptExportChartData called: 2025-11-28T02:22:03+07:00
REQUEST_URI: /kltn/view/page/manage/index.php?inout_period=year&page=dashboard
GET: {"inout_period":"year","page":"dashboard"}
fallback-bin: start=2025-11-22 receipt=0 export=0
fallback-bin: start=2025-11-23 receipt=0 export=0
fallback-bin: start=2025-11-24 receipt=0 export=0
fallback-bin: start=2025-11-25 receipt=0 export=0
fallback-bin: start=2025-11-26 receipt=0 export=0
fallback-bin: start=2025-11-27 receipt=0 export=0
fallback-bin: start=2025-11-28 receipt=0 export=0
--- getReceiptExportChartData called: 2025-11-28T02:28:39+07:00
REQUEST_URI: /kltn/view/page/manage/index.php?inout_period=year&page=dashboard
GET: {"inout_period":"year","page":"dashboard"}
year-bin: start=2021-01-01 end=2021-12-31 receipt=0 export=0
year-bin: start=2022-01-01 end=2022-12-31 receipt=0 export=0
year-bin: start=2023-01-01 end=2023-12-31 receipt=0 export=0
year-bin: start=2024-01-01 end=2024-12-31 receipt=0 export=0
year-bin: start=2025-01-01 end=2025-12-31 receipt=7 export=4
--- getReceiptExportChartData called: 2025-11-28T02:28:46+07:00
REQUEST_URI: /kltn/view/page/manage/index.php?inout_period=7d&page=dashboard
GET: {"inout_period":"7d","page":"dashboard"}
7d-bin: start=2025-11-22 receipt=0 export=0
7d-bin: start=2025-11-23 receipt=0 export=0
7d-bin: start=2025-11-24 receipt=0 export=0
7d-bin: start=2025-11-25 receipt=0 export=0
7d-bin: start=2025-11-26 receipt=0 export=0
7d-bin: start=2025-11-27 receipt=0 export=0
7d-bin: start=2025-11-28 receipt=0 export=0
--- getReceiptExportChartData called: 2025-11-28T02:28:48+07:00
REQUEST_URI: /kltn/view/page/manage/index.php?inout_period=week&page=dashboard
GET: {"inout_period":"week","page":"dashboard"}
week-bin: start=2025-10-06 end=2025-10-12 receipt=0 export=0
week-bin: start=2025-10-13 end=2025-10-19 receipt=0 export=0
week-bin: start=2025-10-20 end=2025-10-26 receipt=0 export=0
week-bin: start=2025-10-27 end=2025-11-02 receipt=0 export=0
week-bin: start=2025-11-03 end=2025-11-09 receipt=0 export=0
week-bin: start=2025-11-10 end=2025-11-16 receipt=7 export=4
week-bin: start=2025-11-17 end=2025-11-23 receipt=0 export=0
week-bin: start=2025-11-24 end=2025-11-30 receipt=0 export=0
--- getReceiptExportChartData called: 2025-11-28T02:31:18+07:00
REQUEST_URI: /kltn/view/page/manage/index.php?inout_period=week&page=dashboard
GET: {"inout_period":"week","page":"dashboard"}
week-bin: start=2025-10-06 end=2025-10-12 receipt=0 export=0
week-bin: start=2025-10-13 end=2025-10-19 receipt=0 export=0
week-bin: start=2025-10-20 end=2025-10-26 receipt=0 export=0
week-bin: start=2025-10-27 end=2025-11-02 receipt=0 export=0
week-bin: start=2025-11-03 end=2025-11-09 receipt=0 export=0
week-bin: start=2025-11-10 end=2025-11-16 receipt=7 export=4
week-bin: start=2025-11-17 end=2025-11-23 receipt=0 export=0
week-bin: start=2025-11-24 end=2025-11-30 receipt=0 export=0
--- getReceiptExportChartData called: 2025-11-28T02:33:24+07:00
REQUEST_URI: /kltn/view/page/manage/index.php?inout_period=week&page=dashboard
GET: {"inout_period":"week","page":"dashboard"}
week-bin: start=2025-10-06 end=2025-10-12 receipt=0 export=0
week-bin: start=2025-10-13 end=2025-10-19 receipt=0 export=0
week-bin: start=2025-10-20 end=2025-10-26 receipt=0 export=0
week-bin: start=2025-10-27 end=2025-11-02 receipt=0 export=0
week-bin: start=2025-11-03 end=2025-11-09 receipt=0 export=0
week-bin: start=2025-11-10 end=2025-11-16 receipt=7 export=4
week-bin: start=2025-11-17 end=2025-11-23 receipt=0 export=0
week-bin: start=2025-11-24 end=2025-11-30 receipt=0 export=0
--- getReceiptExportChartData called: 2025-11-28T02:34:01+07:00
REQUEST_URI: /kltn/view/page/manage/index.php?inout_period=week&category_warehouse=KHO_TONG_01&page=dashboard
GET: {"inout_period":"week","category_warehouse":"KHO_TONG_01","page":"dashboard"}
week-bin: start=2025-10-06 end=2025-10-12 receipt=0 export=0
week-bin: start=2025-10-13 end=2025-10-19 receipt=0 export=0
week-bin: start=2025-10-20 end=2025-10-26 receipt=0 export=0
week-bin: start=2025-10-27 end=2025-11-02 receipt=0 export=0
week-bin: start=2025-11-03 end=2025-11-09 receipt=0 export=0
week-bin: start=2025-11-10 end=2025-11-16 receipt=7 export=4
week-bin: start=2025-11-17 end=2025-11-23 receipt=0 export=0
week-bin: start=2025-11-24 end=2025-11-30 receipt=0 export=0
--- getReceiptExportChartData called: 2025-11-28T02:34:12+07:00
REQUEST_URI: /kltn/view/page/manage/index.php?inout_period=week&inout_warehouse=KHO_TONG_01&page=dashboard
GET: {"inout_period":"week","inout_warehouse":"KHO_TONG_01","page":"dashboard"}
week-bin: start=2025-10-06 end=2025-10-12 receipt=0 export=0
week-bin: start=2025-10-13 end=2025-10-19 receipt=0 export=0
week-bin: start=2025-10-20 end=2025-10-26 receipt=0 export=0
week-bin: start=2025-10-27 end=2025-11-02 receipt=0 export=0
week-bin: start=2025-11-03 end=2025-11-09 receipt=0 export=0
week-bin: start=2025-11-10 end=2025-11-16 receipt=3 export=3
week-bin: start=2025-11-17 end=2025-11-23 receipt=0 export=0
week-bin: start=2025-11-24 end=2025-11-30 receipt=0 export=0
--- getReceiptExportChartData called: 2025-11-28T02:34:15+07:00
REQUEST_URI: /kltn/view/page/manage/index.php?inout_period=week&page=dashboard
GET: {"inout_period":"week","page":"dashboard"}
week-bin: start=2025-10-06 end=2025-10-12 receipt=0 export=0
week-bin: start=2025-10-13 end=2025-10-19 receipt=0 export=0
week-bin: start=2025-10-20 end=2025-10-26 receipt=0 export=0
week-bin: start=2025-10-27 end=2025-11-02 receipt=0 export=0
week-bin: start=2025-11-03 end=2025-11-09 receipt=0 export=0
week-bin: start=2025-11-10 end=2025-11-16 receipt=7 export=4
week-bin: start=2025-11-17 end=2025-11-23 receipt=0 export=0
week-bin: start=2025-11-24 end=2025-11-30 receipt=0 export=0
--- getReceiptExportChartData called: 2025-11-28T02:34:18+07:00
REQUEST_URI: /kltn/view/page/manage/index.php?inout_period=week&inout_warehouse=KHO_TONG_01&page=dashboard
GET: {"inout_period":"week","inout_warehouse":"KHO_TONG_01","page":"dashboard"}
week-bin: start=2025-10-06 end=2025-10-12 receipt=0 export=0
week-bin: start=2025-10-13 end=2025-10-19 receipt=0 export=0
week-bin: start=2025-10-20 end=2025-10-26 receipt=0 export=0
week-bin: start=2025-10-27 end=2025-11-02 receipt=0 export=0
week-bin: start=2025-11-03 end=2025-11-09 receipt=0 export=0
week-bin: start=2025-11-10 end=2025-11-16 receipt=3 export=3
week-bin: start=2025-11-17 end=2025-11-23 receipt=0 export=0
week-bin: start=2025-11-24 end=2025-11-30 receipt=0 export=0
--- getReceiptExportChartData called: 2025-11-28T02:34:22+07:00
REQUEST_URI: /kltn/view/page/manage/index.php?inout_period=month&inout_warehouse=KHO_TONG_01&page=dashboard
GET: {"inout_period":"month","inout_warehouse":"KHO_TONG_01","page":"dashboard"}
month-bin: start=2024-12-01 end=2024-12-31 receipt=0 export=0
month-bin: start=2025-01-01 end=2025-01-31 receipt=0 export=0
month-bin: start=2025-02-01 end=2025-02-28 receipt=0 export=0
month-bin: start=2025-03-01 end=2025-03-31 receipt=0 export=0
month-bin: start=2025-04-01 end=2025-04-30 receipt=0 export=0
month-bin: start=2025-05-01 end=2025-05-31 receipt=0 export=0
month-bin: start=2025-06-01 end=2025-06-30 receipt=0 export=0
month-bin: start=2025-07-01 end=2025-07-31 receipt=0 export=0
month-bin: start=2025-08-01 end=2025-08-31 receipt=0 export=0
month-bin: start=2025-09-01 end=2025-09-30 receipt=0 export=0
month-bin: start=2025-10-01 end=2025-10-31 receipt=0 export=0
month-bin: start=2025-11-01 end=2025-11-30 receipt=3 export=3
--- getReceiptExportChartData called: 2025-11-28T02:34:25+07:00
REQUEST_URI: /kltn/view/page/manage/index.php?inout_period=month&page=dashboard
GET: {"inout_period":"month","page":"dashboard"}
month-bin: start=2024-12-01 end=2024-12-31 receipt=0 export=0
month-bin: start=2025-01-01 end=2025-01-31 receipt=0 export=0
month-bin: start=2025-02-01 end=2025-02-28 receipt=0 export=0
month-bin: start=2025-03-01 end=2025-03-31 receipt=0 export=0
month-bin: start=2025-04-01 end=2025-04-30 receipt=0 export=0
month-bin: start=2025-05-01 end=2025-05-31 receipt=0 export=0
month-bin: start=2025-06-01 end=2025-06-30 receipt=0 export=0
month-bin: start=2025-07-01 end=2025-07-31 receipt=0 export=0
month-bin: start=2025-08-01 end=2025-08-31 receipt=0 export=0
month-bin: start=2025-09-01 end=2025-09-30 receipt=0 export=0
month-bin: start=2025-10-01 end=2025-10-31 receipt=0 export=0
month-bin: start=2025-11-01 end=2025-11-30 receipt=7 export=4
--- getReceiptExportChartData called: 2025-11-28T02:35:27+07:00
REQUEST_URI: /kltn/view/page/manage/index.php?inout_period=month&page=dashboard
GET: {"inout_period":"month","page":"dashboard"}
month-bin: start=2024-12-01 end=2024-12-31 receipt=0 export=0
month-bin: start=2025-01-01 end=2025-01-31 receipt=0 export=0
month-bin: start=2025-02-01 end=2025-02-28 receipt=0 export=0
month-bin: start=2025-03-01 end=2025-03-31 receipt=0 export=0
month-bin: start=2025-04-01 end=2025-04-30 receipt=0 export=0
month-bin: start=2025-05-01 end=2025-05-31 receipt=0 export=0
month-bin: start=2025-06-01 end=2025-06-30 receipt=0 export=0
month-bin: start=2025-07-01 end=2025-07-31 receipt=0 export=0
month-bin: start=2025-08-01 end=2025-08-31 receipt=0 export=0
month-bin: start=2025-09-01 end=2025-09-30 receipt=0 export=0
month-bin: start=2025-10-01 end=2025-10-31 receipt=0 export=0
month-bin: start=2025-11-01 end=2025-11-30 receipt=7 export=4
--- getReceiptExportChartData called: 2025-11-28T02:35:32+07:00
REQUEST_URI: /kltn/view/page/manage/index.php?inout_period=month&category_warehouse=KHO_TONG_01&page=dashboard
GET: {"inout_period":"month","category_warehouse":"KHO_TONG_01","page":"dashboard"}
month-bin: start=2024-12-01 end=2024-12-31 receipt=0 export=0
month-bin: start=2025-01-01 end=2025-01-31 receipt=0 export=0
month-bin: start=2025-02-01 end=2025-02-28 receipt=0 export=0
month-bin: start=2025-03-01 end=2025-03-31 receipt=0 export=0
month-bin: start=2025-04-01 end=2025-04-30 receipt=0 export=0
month-bin: start=2025-05-01 end=2025-05-31 receipt=0 export=0
month-bin: start=2025-06-01 end=2025-06-30 receipt=0 export=0
month-bin: start=2025-07-01 end=2025-07-31 receipt=0 export=0
month-bin: start=2025-08-01 end=2025-08-31 receipt=0 export=0
month-bin: start=2025-09-01 end=2025-09-30 receipt=0 export=0
month-bin: start=2025-10-01 end=2025-10-31 receipt=0 export=0
month-bin: start=2025-11-01 end=2025-11-30 receipt=7 export=4
--- getReceiptExportChartData called: 2025-11-28T02:36:33+07:00
REQUEST_URI: /kltn/view/page/manage/index.php?inout_period=month&page=dashboard
GET: {"inout_period":"month","page":"dashboard"}
month-bin: start=2024-12-01 end=2024-12-31 receipt=0 export=0
month-bin: start=2025-01-01 end=2025-01-31 receipt=0 export=0
month-bin: start=2025-02-01 end=2025-02-28 receipt=0 export=0
month-bin: start=2025-03-01 end=2025-03-31 receipt=0 export=0
month-bin: start=2025-04-01 end=2025-04-30 receipt=0 export=0
month-bin: start=2025-05-01 end=2025-05-31 receipt=0 export=0
month-bin: start=2025-06-01 end=2025-06-30 receipt=0 export=0
month-bin: start=2025-07-01 end=2025-07-31 receipt=0 export=0
month-bin: start=2025-08-01 end=2025-08-31 receipt=0 export=0
month-bin: start=2025-09-01 end=2025-09-30 receipt=0 export=0
month-bin: start=2025-10-01 end=2025-10-31 receipt=0 export=0
month-bin: start=2025-11-01 end=2025-11-30 receipt=7 export=4
--- getReceiptExportChartData called: 2025-11-28T02:37:57+07:00
REQUEST_URI: /kltn/view/page/manage/index.php?inout_period=month&page=dashboard
GET: {"inout_period":"month","page":"dashboard"}
month-bin: start=2024-12-01 end=2024-12-31 receipt=0 export=0
month-bin: start=2025-01-01 end=2025-01-31 receipt=0 export=0
month-bin: start=2025-02-01 end=2025-02-28 receipt=0 export=0
month-bin: start=2025-03-01 end=2025-03-31 receipt=0 export=0
month-bin: start=2025-04-01 end=2025-04-30 receipt=0 export=0
month-bin: start=2025-05-01 end=2025-05-31 receipt=0 export=0
month-bin: start=2025-06-01 end=2025-06-30 receipt=0 export=0
month-bin: start=2025-07-01 end=2025-07-31 receipt=0 export=0
month-bin: start=2025-08-01 end=2025-08-31 receipt=0 export=0
month-bin: start=2025-09-01 end=2025-09-30 receipt=0 export=0
month-bin: start=2025-10-01 end=2025-10-31 receipt=0 export=0
month-bin: start=2025-11-01 end=2025-11-30 receipt=7 export=4
--- getReceiptExportChartData called: 2025-11-27T20:39:55+01:00
REQUEST_URI: /kltn/debug_list_warehouses.php
GET: []
7d-bin: start=2025-11-21 receipt=0 export=0
7d-bin: start=2025-11-22 receipt=0 export=0
7d-bin: start=2025-11-23 receipt=0 export=0
7d-bin: start=2025-11-24 receipt=0 export=0
7d-bin: start=2025-11-25 receipt=0 export=0
7d-bin: start=2025-11-26 receipt=0 export=0
7d-bin: start=2025-11-27 receipt=0 export=0
--- getReceiptExportChartData called: 2025-11-28T02:41:10+07:00
REQUEST_URI: /kltn/view/page/manage/index.php?inout_period=month&page=dashboard
GET: {"inout_period":"month","page":"dashboard"}
month-bin: start=2024-12-01 end=2024-12-31 receipt=0 export=0
month-bin: start=2025-01-01 end=2025-01-31 receipt=0 export=0
month-bin: start=2025-02-01 end=2025-02-28 receipt=0 export=0
month-bin: start=2025-03-01 end=2025-03-31 receipt=0 export=0
month-bin: start=2025-04-01 end=2025-04-30 receipt=0 export=0
month-bin: start=2025-05-01 end=2025-05-31 receipt=0 export=0
month-bin: start=2025-06-01 end=2025-06-30 receipt=0 export=0
month-bin: start=2025-07-01 end=2025-07-31 receipt=0 export=0
month-bin: start=2025-08-01 end=2025-08-31 receipt=0 export=0
month-bin: start=2025-09-01 end=2025-09-30 receipt=0 export=0
month-bin: start=2025-10-01 end=2025-10-31 receipt=0 export=0
month-bin: start=2025-11-01 end=2025-11-30 receipt=7 export=4
--- getReceiptExportChartData called: 2025-11-28T02:41:15+07:00
REQUEST_URI: /kltn/view/page/manage/index.php?inout_period=month&inout_warehouse=KHO_CN_03&page=dashboard
GET: {"inout_period":"month","inout_warehouse":"KHO_CN_03","page":"dashboard"}
month-bin: start=2024-12-01 end=2024-12-31 receipt=0 export=0
month-bin: start=2025-01-01 end=2025-01-31 receipt=0 export=0
month-bin: start=2025-02-01 end=2025-02-28 receipt=0 export=0
month-bin: start=2025-03-01 end=2025-03-31 receipt=0 export=0
month-bin: start=2025-04-01 end=2025-04-30 receipt=0 export=0
month-bin: start=2025-05-01 end=2025-05-31 receipt=0 export=0
month-bin: start=2025-06-01 end=2025-06-30 receipt=0 export=0
month-bin: start=2025-07-01 end=2025-07-31 receipt=0 export=0
month-bin: start=2025-08-01 end=2025-08-31 receipt=0 export=0
month-bin: start=2025-09-01 end=2025-09-30 receipt=0 export=0
month-bin: start=2025-10-01 end=2025-10-31 receipt=0 export=0
month-bin: start=2025-11-01 end=2025-11-30 receipt=0 export=0
--- getReceiptExportChartData called: 2025-11-28T02:41:18+07:00
REQUEST_URI: /kltn/view/page/manage/index.php?inout_period=month&inout_warehouse=KHO_CN_02&page=dashboard
GET: {"inout_period":"month","inout_warehouse":"KHO_CN_02","page":"dashboard"}
month-bin: start=2024-12-01 end=2024-12-31 receipt=0 export=0
month-bin: start=2025-01-01 end=2025-01-31 receipt=0 export=0
month-bin: start=2025-02-01 end=2025-02-28 receipt=0 export=0
month-bin: start=2025-03-01 end=2025-03-31 receipt=0 export=0
month-bin: start=2025-04-01 end=2025-04-30 receipt=0 export=0
month-bin: start=2025-05-01 end=2025-05-31 receipt=0 export=0
month-bin: start=2025-06-01 end=2025-06-30 receipt=0 export=0
month-bin: start=2025-07-01 end=2025-07-31 receipt=0 export=0
month-bin: start=2025-08-01 end=2025-08-31 receipt=0 export=0
month-bin: start=2025-09-01 end=2025-09-30 receipt=0 export=0
month-bin: start=2025-10-01 end=2025-10-31 receipt=0 export=0
month-bin: start=2025-11-01 end=2025-11-30 receipt=0 export=0
--- getReceiptExportChartData called: 2025-11-28T02:41:21+07:00
REQUEST_URI: /kltn/view/page/manage/index.php?inout_period=month&page=dashboard
GET: {"inout_period":"month","page":"dashboard"}
month-bin: start=2024-12-01 end=2024-12-31 receipt=0 export=0
month-bin: start=2025-01-01 end=2025-01-31 receipt=0 export=0
month-bin: start=2025-02-01 end=2025-02-28 receipt=0 export=0
month-bin: start=2025-03-01 end=2025-03-31 receipt=0 export=0
month-bin: start=2025-04-01 end=2025-04-30 receipt=0 export=0
month-bin: start=2025-05-01 end=2025-05-31 receipt=0 export=0
month-bin: start=2025-06-01 end=2025-06-30 receipt=0 export=0
month-bin: start=2025-07-01 end=2025-07-31 receipt=0 export=0
month-bin: start=2025-08-01 end=2025-08-31 receipt=0 export=0
month-bin: start=2025-09-01 end=2025-09-30 receipt=0 export=0
month-bin: start=2025-10-01 end=2025-10-31 receipt=0 export=0
month-bin: start=2025-11-01 end=2025-11-30 receipt=7 export=4
--- getReceiptExportChartData called: 2025-11-28T02:43:26+07:00
REQUEST_URI: /kltn/view/page/manage/index.php?inout_period=month&page=dashboard
GET: {"inout_period":"month","page":"dashboard"}
month-bin: start=2024-12-01 end=2024-12-31 receipt=0 export=0
month-bin: start=2025-01-01 end=2025-01-31 receipt=0 export=0
month-bin: start=2025-02-01 end=2025-02-28 receipt=0 export=0
month-bin: start=2025-03-01 end=2025-03-31 receipt=0 export=0
month-bin: start=2025-04-01 end=2025-04-30 receipt=0 export=0
month-bin: start=2025-05-01 end=2025-05-31 receipt=0 export=0
month-bin: start=2025-06-01 end=2025-06-30 receipt=0 export=0
month-bin: start=2025-07-01 end=2025-07-31 receipt=0 export=0
month-bin: start=2025-08-01 end=2025-08-31 receipt=0 export=0
month-bin: start=2025-09-01 end=2025-09-30 receipt=0 export=0
month-bin: start=2025-10-01 end=2025-10-31 receipt=0 export=0
month-bin: start=2025-11-01 end=2025-11-30 receipt=7 export=4
--- getReceiptExportChartData called: 2025-11-28T02:43:31+07:00
REQUEST_URI: /kltn/view/page/manage/index.php?inout_period=month&inout_warehouse=KHO_CN_04&page=dashboard
GET: {"inout_period":"month","inout_warehouse":"KHO_CN_04","page":"dashboard"}
month-bin: start=2024-12-01 end=2024-12-31 receipt=0 export=0
month-bin: start=2025-01-01 end=2025-01-31 receipt=0 export=0
month-bin: start=2025-02-01 end=2025-02-28 receipt=0 export=0
month-bin: start=2025-03-01 end=2025-03-31 receipt=0 export=0
month-bin: start=2025-04-01 end=2025-04-30 receipt=0 export=0
month-bin: start=2025-05-01 end=2025-05-31 receipt=0 export=0
month-bin: start=2025-06-01 end=2025-06-30 receipt=0 export=0
month-bin: start=2025-07-01 end=2025-07-31 receipt=0 export=0
month-bin: start=2025-08-01 end=2025-08-31 receipt=0 export=0
month-bin: start=2025-09-01 end=2025-09-30 receipt=0 export=0
month-bin: start=2025-10-01 end=2025-10-31 receipt=0 export=0
month-bin: start=2025-11-01 end=2025-11-30 receipt=4 export=1
--- getReceiptExportChartData called: 2025-11-28T02:44:46+07:00
REQUEST_URI: /kltn/view/page/manage/index.php?inout_period=month&page=dashboard
GET: {"inout_period":"month","page":"dashboard"}
month-bin: start=2024-12-01 end=2024-12-31 receipt=0 export=0
month-bin: start=2025-01-01 end=2025-01-31 receipt=0 export=0
month-bin: start=2025-02-01 end=2025-02-28 receipt=0 export=0
month-bin: start=2025-03-01 end=2025-03-31 receipt=0 export=0
month-bin: start=2025-04-01 end=2025-04-30 receipt=0 export=0
month-bin: start=2025-05-01 end=2025-05-31 receipt=0 export=0
month-bin: start=2025-06-01 end=2025-06-30 receipt=0 export=0
month-bin: start=2025-07-01 end=2025-07-31 receipt=0 export=0
month-bin: start=2025-08-01 end=2025-08-31 receipt=0 export=0
month-bin: start=2025-09-01 end=2025-09-30 receipt=0 export=0
month-bin: start=2025-10-01 end=2025-10-31 receipt=0 export=0
month-bin: start=2025-11-01 end=2025-11-30 receipt=7 export=4
--- getReceiptExportChartData called: 2025-11-28T02:44:51+07:00
REQUEST_URI: /kltn/view/page/manage/index.php?inout_period=month&inout_warehouse=KHO_CN_04&page=dashboard
GET: {"inout_period":"month","inout_warehouse":"KHO_CN_04","page":"dashboard"}
month-bin: start=2024-12-01 end=2024-12-31 receipt=0 export=0
month-bin: start=2025-01-01 end=2025-01-31 receipt=0 export=0
month-bin: start=2025-02-01 end=2025-02-28 receipt=0 export=0
month-bin: start=2025-03-01 end=2025-03-31 receipt=0 export=0
month-bin: start=2025-04-01 end=2025-04-30 receipt=0 export=0
month-bin: start=2025-05-01 end=2025-05-31 receipt=0 export=0
month-bin: start=2025-06-01 end=2025-06-30 receipt=0 export=0
month-bin: start=2025-07-01 end=2025-07-31 receipt=0 export=0
month-bin: start=2025-08-01 end=2025-08-31 receipt=0 export=0
month-bin: start=2025-09-01 end=2025-09-30 receipt=0 export=0
month-bin: start=2025-10-01 end=2025-10-31 receipt=0 export=0
month-bin: start=2025-11-01 end=2025-11-30 receipt=4 export=1
--- getReceiptExportChartData called: 2025-11-28T02:44:55+07:00
REQUEST_URI: /kltn/view/page/manage/index.php?inout_period=month&inout_warehouse=KHO_CN_04&category_warehouse=KHO_CN_04&page=dashboard
GET: {"inout_period":"month","inout_warehouse":"KHO_CN_04","category_warehouse":"KHO_CN_04","page":"dashboard"}
month-bin: start=2024-12-01 end=2024-12-31 receipt=0 export=0
month-bin: start=2025-01-01 end=2025-01-31 receipt=0 export=0
month-bin: start=2025-02-01 end=2025-02-28 receipt=0 export=0
month-bin: start=2025-03-01 end=2025-03-31 receipt=0 export=0
month-bin: start=2025-04-01 end=2025-04-30 receipt=0 export=0
month-bin: start=2025-05-01 end=2025-05-31 receipt=0 export=0
month-bin: start=2025-06-01 end=2025-06-30 receipt=0 export=0
month-bin: start=2025-07-01 end=2025-07-31 receipt=0 export=0
month-bin: start=2025-08-01 end=2025-08-31 receipt=0 export=0
month-bin: start=2025-09-01 end=2025-09-30 receipt=0 export=0
month-bin: start=2025-10-01 end=2025-10-31 receipt=0 export=0
month-bin: start=2025-11-01 end=2025-11-30 receipt=4 export=1
--- getReceiptExportChartData called: 2025-11-28T02:45:59+07:00
REQUEST_URI: /kltn/view/page/manage/index.php?inout_period=month&inout_warehouse=KHO_CN_04&category_warehouse=KHO_CN_04&page=dashboard
GET: {"inout_period":"month","inout_warehouse":"KHO_CN_04","category_warehouse":"KHO_CN_04","page":"dashboard"}
month-bin: start=2024-12-01 end=2024-12-31 receipt=0 export=0
month-bin: start=2025-01-01 end=2025-01-31 receipt=0 export=0
month-bin: start=2025-02-01 end=2025-02-28 receipt=0 export=0
month-bin: start=2025-03-01 end=2025-03-31 receipt=0 export=0
month-bin: start=2025-04-01 end=2025-04-30 receipt=0 export=0
month-bin: start=2025-05-01 end=2025-05-31 receipt=0 export=0
month-bin: start=2025-06-01 end=2025-06-30 receipt=0 export=0
month-bin: start=2025-07-01 end=2025-07-31 receipt=0 export=0
month-bin: start=2025-08-01 end=2025-08-31 receipt=0 export=0
month-bin: start=2025-09-01 end=2025-09-30 receipt=0 export=0
month-bin: start=2025-10-01 end=2025-10-31 receipt=0 export=0
month-bin: start=2025-11-01 end=2025-11-30 receipt=4 export=1
--- getReceiptExportChartData called: 2025-11-28T02:48:01+07:00
REQUEST_URI: /kltn/view/page/manage/index.php?inout_period=month&inout_warehouse=KHO_CN_04&category_warehouse=KHO_CN_04&page=dashboard
GET: {"inout_period":"month","inout_warehouse":"KHO_CN_04","category_warehouse":"KHO_CN_04","page":"dashboard"}
month-bin: start=2024-12-01 end=2024-12-31 receipt=0 export=0
month-bin: start=2025-01-01 end=2025-01-31 receipt=0 export=0
month-bin: start=2025-02-01 end=2025-02-28 receipt=0 export=0
month-bin: start=2025-03-01 end=2025-03-31 receipt=0 export=0
month-bin: start=2025-04-01 end=2025-04-30 receipt=0 export=0
month-bin: start=2025-05-01 end=2025-05-31 receipt=0 export=0
month-bin: start=2025-06-01 end=2025-06-30 receipt=0 export=0
month-bin: start=2025-07-01 end=2025-07-31 receipt=0 export=0
month-bin: start=2025-08-01 end=2025-08-31 receipt=0 export=0
month-bin: start=2025-09-01 end=2025-09-30 receipt=0 export=0
month-bin: start=2025-10-01 end=2025-10-31 receipt=0 export=0
month-bin: start=2025-11-01 end=2025-11-30 receipt=4 export=1
--- getReceiptExportChartData called: 2025-11-28T02:52:20+07:00
REQUEST_URI: /kltn/view/page/manage/index.php?inout_period=month&inout_warehouse=KHO_CN_04&category_warehouse=KHO_CN_04&page=dashboard
GET: {"inout_period":"month","inout_warehouse":"KHO_CN_04","category_warehouse":"KHO_CN_04","page":"dashboard"}
month-bin: start=2024-12-01 end=2024-12-31 receipt=0 export=0
month-bin: start=2025-01-01 end=2025-01-31 receipt=0 export=0
month-bin: start=2025-02-01 end=2025-02-28 receipt=0 export=0
month-bin: start=2025-03-01 end=2025-03-31 receipt=0 export=0
month-bin: start=2025-04-01 end=2025-04-30 receipt=0 export=0
month-bin: start=2025-05-01 end=2025-05-31 receipt=0 export=0
month-bin: start=2025-06-01 end=2025-06-30 receipt=0 export=0
month-bin: start=2025-07-01 end=2025-07-31 receipt=0 export=0
month-bin: start=2025-08-01 end=2025-08-31 receipt=0 export=0
month-bin: start=2025-09-01 end=2025-09-30 receipt=0 export=0
month-bin: start=2025-10-01 end=2025-10-31 receipt=0 export=0
month-bin: start=2025-11-01 end=2025-11-30 receipt=4 export=1
--- getReceiptExportChartData called: 2025-11-28T02:53:42+07:00
REQUEST_URI: /kltn/view/page/manage/index.php?inout_period=month&inout_warehouse=KHO_CN_04&category_warehouse=KHO_CN_04&page=dashboard
GET: {"inout_period":"month","inout_warehouse":"KHO_CN_04","category_warehouse":"KHO_CN_04","page":"dashboard"}
month-bin: start=2024-12-01 end=2024-12-31 receipt=0 export=0
month-bin: start=2025-01-01 end=2025-01-31 receipt=0 export=0
month-bin: start=2025-02-01 end=2025-02-28 receipt=0 export=0
month-bin: start=2025-03-01 end=2025-03-31 receipt=0 export=0
month-bin: start=2025-04-01 end=2025-04-30 receipt=0 export=0
month-bin: start=2025-05-01 end=2025-05-31 receipt=0 export=0
month-bin: start=2025-06-01 end=2025-06-30 receipt=0 export=0
month-bin: start=2025-07-01 end=2025-07-31 receipt=0 export=0
month-bin: start=2025-08-01 end=2025-08-31 receipt=0 export=0
month-bin: start=2025-09-01 end=2025-09-30 receipt=0 export=0
month-bin: start=2025-10-01 end=2025-10-31 receipt=0 export=0
month-bin: start=2025-11-01 end=2025-11-30 receipt=4 export=1
--- getReceiptExportChartData called: 2025-11-28T02:54:54+07:00
REQUEST_URI: /kltn/view/page/manage/index.php?inout_period=month&inout_warehouse=KHO_CN_04&category_warehouse=KHO_CN_04&page=dashboard
GET: {"inout_period":"month","inout_warehouse":"KHO_CN_04","category_warehouse":"KHO_CN_04","page":"dashboard"}
month-bin: start=2024-12-01 end=2024-12-31 receipt=0 export=0
month-bin: start=2025-01-01 end=2025-01-31 receipt=0 export=0
month-bin: start=2025-02-01 end=2025-02-28 receipt=0 export=0
month-bin: start=2025-03-01 end=2025-03-31 receipt=0 export=0
month-bin: start=2025-04-01 end=2025-04-30 receipt=0 export=0
month-bin: start=2025-05-01 end=2025-05-31 receipt=0 export=0
month-bin: start=2025-06-01 end=2025-06-30 receipt=0 export=0
month-bin: start=2025-07-01 end=2025-07-31 receipt=0 export=0
month-bin: start=2025-08-01 end=2025-08-31 receipt=0 export=0
month-bin: start=2025-09-01 end=2025-09-30 receipt=0 export=0
month-bin: start=2025-10-01 end=2025-10-31 receipt=0 export=0
month-bin: start=2025-11-01 end=2025-11-30 receipt=4 export=1
--- getReceiptExportChartData called: 2025-11-28T21:30:14+07:00
REQUEST_URI: /kltn/view/page/manage/
GET: []
7d-bin: start=2025-11-22 receipt=0 export=0
7d-bin: start=2025-11-23 receipt=0 export=0
7d-bin: start=2025-11-24 receipt=0 export=0
7d-bin: start=2025-11-25 receipt=0 export=0
7d-bin: start=2025-11-26 receipt=0 export=0
7d-bin: start=2025-11-27 receipt=0 export=0
7d-bin: start=2025-11-28 receipt=0 export=0
--- getReceiptExportChartData called: 2025-11-28T21:38:25+07:00
REQUEST_URI: /kltn/view/page/manage/index.php?from=2025-10-30&to=2025-11-28&warehouse=
GET: {"from":"2025-10-30","to":"2025-11-28","warehouse":""}
7d-bin: start=2025-11-22 receipt=0 export=0
7d-bin: start=2025-11-23 receipt=0 export=0
7d-bin: start=2025-11-24 receipt=0 export=0
7d-bin: start=2025-11-25 receipt=0 export=0
7d-bin: start=2025-11-26 receipt=0 export=0
7d-bin: start=2025-11-27 receipt=0 export=0
7d-bin: start=2025-11-28 receipt=0 export=0
--- getReceiptExportChartData called: 2025-11-28T22:06:10+07:00
REQUEST_URI: /kltn/view/page/manage/index.php?from=2025-10-30&to=2025-11-28&warehouse=
GET: {"from":"2025-10-30","to":"2025-11-28","warehouse":""}
7d-bin: start=2025-11-22 receipt=0 export=0
7d-bin: start=2025-11-23 receipt=0 export=0
7d-bin: start=2025-11-24 receipt=0 export=0
7d-bin: start=2025-11-25 receipt=0 export=0
7d-bin: start=2025-11-26 receipt=0 export=0
7d-bin: start=2025-11-27 receipt=0 export=0
7d-bin: start=2025-11-28 receipt=0 export=0
--- getReceiptExportChartData called: 2025-11-28T22:26:50+07:00
REQUEST_URI: /kltn/view/page/manage/index.php?from=2025-10-30&to=2025-11-28&warehouse=&supplier=&product=-0005&tid=
GET: {"from":"2025-10-30","to":"2025-11-28","warehouse":"","supplier":"","product":"-0005","tid":""}
7d-bin: start=2025-11-22 receipt=0 export=0
7d-bin: start=2025-11-23 receipt=0 export=0
7d-bin: start=2025-11-24 receipt=0 export=0
7d-bin: start=2025-11-25 receipt=0 export=0
7d-bin: start=2025-11-26 receipt=0 export=0
7d-bin: start=2025-11-27 receipt=0 export=0
7d-bin: start=2025-11-28 receipt=0 export=0
--- getReceiptExportChartData called: 2025-11-28T22:33:05+07:00
REQUEST_URI: /kltn/view/page/manage/index.php?from=2025-10-30&to=2025-11-28&warehouse=&supplier=&product=-0005&tid=
GET: {"from":"2025-10-30","to":"2025-11-28","warehouse":"","supplier":"","product":"-0005","tid":""}
7d-bin: start=2025-11-22 receipt=0 export=0
7d-bin: start=2025-11-23 receipt=0 export=0
7d-bin: start=2025-11-24 receipt=0 export=0
7d-bin: start=2025-11-25 receipt=0 export=0
7d-bin: start=2025-11-26 receipt=0 export=0
7d-bin: start=2025-11-27 receipt=0 export=0
7d-bin: start=2025-11-28 receipt=0 export=0
--- getReceiptExportChartData called: 2025-11-30T14:40:52+07:00
REQUEST_URI: /kltn/view/page/manage/
GET: []
7d-bin: start=2025-11-24 receipt=0 export=0
7d-bin: start=2025-11-25 receipt=0 export=0
7d-bin: start=2025-11-26 receipt=0 export=0
7d-bin: start=2025-11-27 receipt=0 export=0
7d-bin: start=2025-11-28 receipt=0 export=0
7d-bin: start=2025-11-29 receipt=0 export=0
7d-bin: start=2025-11-30 receipt=0 export=0
--- getReceiptExportChartData called: 2025-11-30T14:41:01+07:00
REQUEST_URI: /kltn/view/page/manage/?inout_period=week
GET: {"inout_period":"week"}
week-bin: start=2025-10-06 end=2025-10-12 receipt=0 export=0
week-bin: start=2025-10-13 end=2025-10-19 receipt=0 export=0
week-bin: start=2025-10-20 end=2025-10-26 receipt=0 export=0
week-bin: start=2025-10-27 end=2025-11-02 receipt=0 export=0
week-bin: start=2025-11-03 end=2025-11-09 receipt=0 export=0
week-bin: start=2025-11-10 end=2025-11-16 receipt=7 export=4
week-bin: start=2025-11-17 end=2025-11-23 receipt=0 export=0
week-bin: start=2025-11-24 end=2025-11-30 receipt=0 export=0
--- getReceiptExportChartData called: 2025-11-30T14:41:04+07:00
REQUEST_URI: /kltn/view/page/manage/?inout_period=year
GET: {"inout_period":"year"}
year-bin: start=2021-01-01 end=2021-12-31 receipt=0 export=0
year-bin: start=2022-01-01 end=2022-12-31 receipt=0 export=0
year-bin: start=2023-01-01 end=2023-12-31 receipt=0 export=0
year-bin: start=2024-01-01 end=2024-12-31 receipt=0 export=0
year-bin: start=2025-01-01 end=2025-12-31 receipt=7 export=4
--- getReceiptExportChartData called: 2025-11-30T14:41:09+07:00
REQUEST_URI: /kltn/view/page/manage/?inout_period=year&inout_warehouse=KHO_CN_04
GET: {"inout_period":"year","inout_warehouse":"KHO_CN_04"}
year-bin: start=2021-01-01 end=2021-12-31 receipt=0 export=0
year-bin: start=2022-01-01 end=2022-12-31 receipt=0 export=0
year-bin: start=2023-01-01 end=2023-12-31 receipt=0 export=0
year-bin: start=2024-01-01 end=2024-12-31 receipt=0 export=0
year-bin: start=2025-01-01 end=2025-12-31 receipt=4 export=1
--- getReceiptExportChartData called: 2025-11-30T14:42:55+07:00
REQUEST_URI: /kltn/view/page/manage/index.php?page=dashboard
GET: {"page":"dashboard"}
7d-bin: start=2025-11-24 receipt=0 export=0
7d-bin: start=2025-11-25 receipt=0 export=0
7d-bin: start=2025-11-26 receipt=0 export=0
7d-bin: start=2025-11-27 receipt=0 export=0
7d-bin: start=2025-11-28 receipt=0 export=0
7d-bin: start=2025-11-29 receipt=0 export=0
7d-bin: start=2025-11-30 receipt=0 export=0
--- getReceiptExportChartData called: 2025-11-30T14:55:45+07:00
REQUEST_URI: /kltn/view/page/manage/
GET: []
7d-bin: start=2025-11-24 receipt=0 export=0
7d-bin: start=2025-11-25 receipt=0 export=0
7d-bin: start=2025-11-26 receipt=0 export=0
7d-bin: start=2025-11-27 receipt=0 export=0
7d-bin: start=2025-11-28 receipt=0 export=0
7d-bin: start=2025-11-29 receipt=0 export=0
7d-bin: start=2025-11-30 receipt=0 export=0
--- getReceiptExportChartData called: 2025-11-30T15:31:01+07:00
REQUEST_URI: /kltn/view/page/manage/
GET: []
7d-bin: start=2025-11-24 receipt=0 export=0
7d-bin: start=2025-11-25 receipt=0 export=0
7d-bin: start=2025-11-26 receipt=0 export=0
7d-bin: start=2025-11-27 receipt=0 export=0
7d-bin: start=2025-11-28 receipt=0 export=0
7d-bin: start=2025-11-29 receipt=0 export=0
7d-bin: start=2025-11-30 receipt=0 export=0
--- getReceiptExportChartData called: 2025-11-30T16:31:17+07:00
REQUEST_URI: /kltn/view/page/manage/
GET: []
7d-bin: start=2025-11-24 receipt=0 export=0
7d-bin: start=2025-11-25 receipt=0 export=0
7d-bin: start=2025-11-26 receipt=0 export=0
7d-bin: start=2025-11-27 receipt=0 export=0
7d-bin: start=2025-11-28 receipt=0 export=0
7d-bin: start=2025-11-29 receipt=0 export=0
7d-bin: start=2025-11-30 receipt=0 export=1
--- getReceiptExportChartData called: 2025-12-01T16:05:02+07:00
REQUEST_URI: /kltn/view/page/manage/
GET: []
7d-bin: start=2025-11-25 receipt=0 export=0
7d-bin: start=2025-11-26 receipt=0 export=0
7d-bin: start=2025-11-27 receipt=0 export=0
7d-bin: start=2025-11-28 receipt=0 export=0
7d-bin: start=2025-11-29 receipt=0 export=0
7d-bin: start=2025-11-30 receipt=0 export=1
7d-bin: start=2025-12-01 receipt=0 export=0
--- getReceiptExportChartData called: 2025-12-01T16:05:45+07:00
REQUEST_URI: /kltn/view/page/manage/index.php?page=dashboard
GET: {"page":"dashboard"}
7d-bin: start=2025-11-25 receipt=0 export=0
7d-bin: start=2025-11-26 receipt=0 export=0
7d-bin: start=2025-11-27 receipt=0 export=0
7d-bin: start=2025-11-28 receipt=0 export=0
7d-bin: start=2025-11-29 receipt=0 export=0
7d-bin: start=2025-11-30 receipt=0 export=1
7d-bin: start=2025-12-01 receipt=0 export=0
--- getReceiptExportChartData called: 2025-12-01T16:06:32+07:00
REQUEST_URI: /kltn/view/page/manage/index.php?page=report
GET: {"page":"report"}
7d-bin: start=2025-11-25 receipt=0 export=0
7d-bin: start=2025-11-26 receipt=0 export=0
7d-bin: start=2025-11-27 receipt=0 export=0
7d-bin: start=2025-11-28 receipt=0 export=0
7d-bin: start=2025-11-29 receipt=0 export=0
7d-bin: start=2025-11-30 receipt=0 export=1
7d-bin: start=2025-12-01 receipt=0 export=0
--- getReceiptExportChartData called: 2025-12-01T16:06:40+07:00
REQUEST_URI: /kltn/view/page/manage/index.php?page=dashboard
GET: {"page":"dashboard"}
7d-bin: start=2025-11-25 receipt=0 export=0
7d-bin: start=2025-11-26 receipt=0 export=0
7d-bin: start=2025-11-27 receipt=0 export=0
7d-bin: start=2025-11-28 receipt=0 export=0
7d-bin: start=2025-11-29 receipt=0 export=0
7d-bin: start=2025-11-30 receipt=0 export=1
7d-bin: start=2025-12-01 receipt=0 export=0
--- getReceiptExportChartData called: 2025-12-01T16:07:32+07:00
REQUEST_URI: /kltn/view/page/manage/index.php?page=dashboard
GET: {"page":"dashboard"}
7d-bin: start=2025-11-25 receipt=0 export=0
7d-bin: start=2025-11-26 receipt=0 export=0
7d-bin: start=2025-11-27 receipt=0 export=0
7d-bin: start=2025-11-28 receipt=0 export=0
7d-bin: start=2025-11-29 receipt=0 export=0
7d-bin: start=2025-11-30 receipt=0 export=1
7d-bin: start=2025-12-01 receipt=0 export=0
--- getReceiptExportChartData called: 2025-12-01T16:09:32+07:00
REQUEST_URI: /kltn/view/page/manage/index.php?page=report
GET: {"page":"report"}
7d-bin: start=2025-11-25 receipt=0 export=0
7d-bin: start=2025-11-26 receipt=0 export=0
7d-bin: start=2025-11-27 receipt=0 export=0
7d-bin: start=2025-11-28 receipt=0 export=0
7d-bin: start=2025-11-29 receipt=0 export=0
7d-bin: start=2025-11-30 receipt=0 export=1
7d-bin: start=2025-12-01 receipt=0 export=0
--- getReceiptExportChartData called: 2025-12-02T16:07:07+07:00
REQUEST_URI: /kltn/view/page/manage/
GET: []
7d-bin: start=2025-11-26 receipt=0 export=0
7d-bin: start=2025-11-27 receipt=0 export=0
7d-bin: start=2025-11-28 receipt=0 export=0
7d-bin: start=2025-11-29 receipt=0 export=0
7d-bin: start=2025-11-30 receipt=0 export=1
7d-bin: start=2025-12-01 receipt=0 export=0
7d-bin: start=2025-12-02 receipt=0 export=0
